{"message":"cannot find type `MyResult` in this scope","code":{"code":"E0412","explanation":"A used type name is not in scope.\n\nErroneous code examples:\n\n```compile_fail,E0412\nimpl Something {} // error: type name `Something` is not in scope\n\n// or:\n\ntrait Foo {\n    fn bar(N); // error: type name `N` is not in scope\n}\n\n// or:\n\nfn foo(x: T) {} // type name `T` is not in scope\n```\n\nTo fix this error, please verify you didn't misspell the type name, you did\ndeclare it or imported it into the scope. Examples:\n\n```\nstruct Something;\n\nimpl Something {} // ok!\n\n// or:\n\ntrait Foo {\n    type N;\n\n    fn bar(_: Self::N); // ok!\n}\n\n// or:\n\nfn foo<T>(x: T) {} // ok!\n```\n\nAnother case that causes this error is when a type is imported into a parent\nmodule. To fix this, you can follow the suggestion and use File directly or\n`use super::File;` which will import the types from the parent namespace. An\nexample that causes this error is below:\n\n```compile_fail,E0412\nuse std::fs::File;\n\nmod foo {\n    fn some_function(f: File) {}\n}\n```\n\n```\nuse std::fs::File;\n\nmod foo {\n    // either\n    use super::File;\n    // or\n    // use std::fs::File;\n    fn foo(f: File) {}\n}\n# fn main() {} // don't insert it for us; that'll break imports\n```\n"},"level":"error","spans":[{"file_name":"/Users/thun/.rustup/toolchains/stable-x86_64-apple-darwin/lib/rustlib/src/rust/library/core/src/result.rs","byte_start":18247,"byte_end":18268,"line_start":502,"line_end":502,"column_start":1,"column_end":22,"is_primary":false,"text":[{"text":"pub enum Result<T, E> {","highlight_start":1,"highlight_end":22}],"label":"similarly named enum `Result` defined here","suggested_replacement":null,"suggestion_applicability":null,"expansion":null},{"file_name":"src/lib.rs","byte_start":739,"byte_end":747,"line_start":29,"line_end":29,"column_start":22,"column_end":30,"is_primary":true,"text":[{"text":"pub fn get_args() -> MyResult<Config>{","highlight_start":22,"highlight_end":30}],"label":null,"suggested_replacement":null,"suggestion_applicability":null,"expansion":null}],"children":[{"message":"an enum with a similar name exists","code":null,"level":"help","spans":[{"file_name":"src/lib.rs","byte_start":739,"byte_end":747,"line_start":29,"line_end":29,"column_start":22,"column_end":30,"is_primary":true,"text":[{"text":"pub fn get_args() -> MyResult<Config>{","highlight_start":22,"highlight_end":30}],"label":null,"suggested_replacement":"Result","suggestion_applicability":"MaybeIncorrect","expansion":null}],"children":[],"rendered":null}],"rendered":"\u001b[0m\u001b[1m\u001b[38;5;9merror[E0412]\u001b[0m\u001b[0m\u001b[1m: cannot find type `MyResult` in this scope\u001b[0m\n\u001b[0m   \u001b[0m\u001b[0m\u001b[1m\u001b[38;5;12m--> \u001b[0m\u001b[0msrc/lib.rs:29:22\u001b[0m\n\u001b[0m    \u001b[0m\u001b[0m\u001b[1m\u001b[38;5;12m|\u001b[0m\n\u001b[0m\u001b[1m\u001b[38;5;12m29\u001b[0m\u001b[0m  \u001b[0m\u001b[0m\u001b[1m\u001b[38;5;12m|\u001b[0m\u001b[0m \u001b[0m\u001b[0mpub fn get_args() -> MyResult<Config>{\u001b[0m\n\u001b[0m    \u001b[0m\u001b[0m\u001b[1m\u001b[38;5;12m| \u001b[0m\u001b[0m                     \u001b[0m\u001b[0m\u001b[1m\u001b[38;5;9m^^^^^^^^\u001b[0m\u001b[0m \u001b[0m\u001b[0m\u001b[1m\u001b[38;5;9mhelp: an enum with a similar name exists: `Result`\u001b[0m\n\u001b[0m    \u001b[0m\u001b[0m\u001b[1m\u001b[38;5;12m|\u001b[0m\n\u001b[0m   \u001b[0m\u001b[0m\u001b[1m\u001b[38;5;12m::: \u001b[0m\u001b[0m/Users/thun/.rustup/toolchains/stable-x86_64-apple-darwin/lib/rustlib/src/rust/library/core/src/result.rs:502:1\u001b[0m\n\u001b[0m    \u001b[0m\u001b[0m\u001b[1m\u001b[38;5;12m|\u001b[0m\n\u001b[0m\u001b[1m\u001b[38;5;12m502\u001b[0m\u001b[0m \u001b[0m\u001b[0m\u001b[1m\u001b[38;5;12m|\u001b[0m\u001b[0m \u001b[0m\u001b[0mpub enum Result<T, E> {\u001b[0m\n\u001b[0m    \u001b[0m\u001b[0m\u001b[1m\u001b[38;5;12m| \u001b[0m\u001b[0m\u001b[1m\u001b[38;5;12m---------------------\u001b[0m\u001b[0m \u001b[0m\u001b[0m\u001b[1m\u001b[38;5;12msimilarly named enum `Result` defined here\u001b[0m\n\n"}
{"message":"cannot find type `MyResult` in this scope","code":{"code":"E0412","explanation":"A used type name is not in scope.\n\nErroneous code examples:\n\n```compile_fail,E0412\nimpl Something {} // error: type name `Something` is not in scope\n\n// or:\n\ntrait Foo {\n    fn bar(N); // error: type name `N` is not in scope\n}\n\n// or:\n\nfn foo(x: T) {} // type name `T` is not in scope\n```\n\nTo fix this error, please verify you didn't misspell the type name, you did\ndeclare it or imported it into the scope. Examples:\n\n```\nstruct Something;\n\nimpl Something {} // ok!\n\n// or:\n\ntrait Foo {\n    type N;\n\n    fn bar(_: Self::N); // ok!\n}\n\n// or:\n\nfn foo<T>(x: T) {} // ok!\n```\n\nAnother case that causes this error is when a type is imported into a parent\nmodule. To fix this, you can follow the suggestion and use File directly or\n`use super::File;` which will import the types from the parent namespace. An\nexample that causes this error is below:\n\n```compile_fail,E0412\nuse std::fs::File;\n\nmod foo {\n    fn some_function(f: File) {}\n}\n```\n\n```\nuse std::fs::File;\n\nmod foo {\n    // either\n    use super::File;\n    // or\n    // use std::fs::File;\n    fn foo(f: File) {}\n}\n# fn main() {} // don't insert it for us; that'll break imports\n```\n"},"level":"error","spans":[{"file_name":"/Users/thun/.rustup/toolchains/stable-x86_64-apple-darwin/lib/rustlib/src/rust/library/core/src/result.rs","byte_start":18247,"byte_end":18268,"line_start":502,"line_end":502,"column_start":1,"column_end":22,"is_primary":false,"text":[{"text":"pub enum Result<T, E> {","highlight_start":1,"highlight_end":22}],"label":"similarly named enum `Result` defined here","suggested_replacement":null,"suggestion_applicability":null,"expansion":null},{"file_name":"src/lib.rs","byte_start":3069,"byte_end":3077,"line_start":106,"line_end":106,"column_start":31,"column_end":39,"is_primary":true,"text":[{"text":"pub fn run(config: Config) -> MyResult<()>{","highlight_start":31,"highlight_end":39}],"label":null,"suggested_replacement":null,"suggestion_applicability":null,"expansion":null}],"children":[{"message":"an enum with a similar name exists","code":null,"level":"help","spans":[{"file_name":"src/lib.rs","byte_start":3069,"byte_end":3077,"line_start":106,"line_end":106,"column_start":31,"column_end":39,"is_primary":true,"text":[{"text":"pub fn run(config: Config) -> MyResult<()>{","highlight_start":31,"highlight_end":39}],"label":null,"suggested_replacement":"Result","suggestion_applicability":"MaybeIncorrect","expansion":null}],"children":[],"rendered":null}],"rendered":"\u001b[0m\u001b[1m\u001b[38;5;9merror[E0412]\u001b[0m\u001b[0m\u001b[1m: cannot find type `MyResult` in this scope\u001b[0m\n\u001b[0m   \u001b[0m\u001b[0m\u001b[1m\u001b[38;5;12m--> \u001b[0m\u001b[0msrc/lib.rs:106:31\u001b[0m\n\u001b[0m    \u001b[0m\u001b[0m\u001b[1m\u001b[38;5;12m|\u001b[0m\n\u001b[0m\u001b[1m\u001b[38;5;12m106\u001b[0m\u001b[0m \u001b[0m\u001b[0m\u001b[1m\u001b[38;5;12m|\u001b[0m\u001b[0m \u001b[0m\u001b[0mpub fn run(config: Config) -> MyResult<()>{\u001b[0m\n\u001b[0m    \u001b[0m\u001b[0m\u001b[1m\u001b[38;5;12m| \u001b[0m\u001b[0m                              \u001b[0m\u001b[0m\u001b[1m\u001b[38;5;9m^^^^^^^^\u001b[0m\u001b[0m \u001b[0m\u001b[0m\u001b[1m\u001b[38;5;9mhelp: an enum with a similar name exists: `Result`\u001b[0m\n\u001b[0m    \u001b[0m\u001b[0m\u001b[1m\u001b[38;5;12m|\u001b[0m\n\u001b[0m   \u001b[0m\u001b[0m\u001b[1m\u001b[38;5;12m::: \u001b[0m\u001b[0m/Users/thun/.rustup/toolchains/stable-x86_64-apple-darwin/lib/rustlib/src/rust/library/core/src/result.rs:502:1\u001b[0m\n\u001b[0m    \u001b[0m\u001b[0m\u001b[1m\u001b[38;5;12m|\u001b[0m\n\u001b[0m\u001b[1m\u001b[38;5;12m502\u001b[0m\u001b[0m \u001b[0m\u001b[0m\u001b[1m\u001b[38;5;12m|\u001b[0m\u001b[0m \u001b[0m\u001b[0mpub enum Result<T, E> {\u001b[0m\n\u001b[0m    \u001b[0m\u001b[0m\u001b[1m\u001b[38;5;12m| \u001b[0m\u001b[0m\u001b[1m\u001b[38;5;12m---------------------\u001b[0m\u001b[0m \u001b[0m\u001b[0m\u001b[1m\u001b[38;5;12msimilarly named enum `Result` defined here\u001b[0m\n\n"}
{"message":"cannot find type `MyResult` in this scope","code":{"code":"E0412","explanation":"A used type name is not in scope.\n\nErroneous code examples:\n\n```compile_fail,E0412\nimpl Something {} // error: type name `Something` is not in scope\n\n// or:\n\ntrait Foo {\n    fn bar(N); // error: type name `N` is not in scope\n}\n\n// or:\n\nfn foo(x: T) {} // type name `T` is not in scope\n```\n\nTo fix this error, please verify you didn't misspell the type name, you did\ndeclare it or imported it into the scope. Examples:\n\n```\nstruct Something;\n\nimpl Something {} // ok!\n\n// or:\n\ntrait Foo {\n    type N;\n\n    fn bar(_: Self::N); // ok!\n}\n\n// or:\n\nfn foo<T>(x: T) {} // ok!\n```\n\nAnother case that causes this error is when a type is imported into a parent\nmodule. To fix this, you can follow the suggestion and use File directly or\n`use super::File;` which will import the types from the parent namespace. An\nexample that causes this error is below:\n\n```compile_fail,E0412\nuse std::fs::File;\n\nmod foo {\n    fn some_function(f: File) {}\n}\n```\n\n```\nuse std::fs::File;\n\nmod foo {\n    // either\n    use super::File;\n    // or\n    // use std::fs::File;\n    fn foo(f: File) {}\n}\n# fn main() {} // don't insert it for us; that'll break imports\n```\n"},"level":"error","spans":[{"file_name":"/Users/thun/.rustup/toolchains/stable-x86_64-apple-darwin/lib/rustlib/src/rust/library/core/src/result.rs","byte_start":18247,"byte_end":18268,"line_start":502,"line_end":502,"column_start":1,"column_end":22,"is_primary":false,"text":[{"text":"pub enum Result<T, E> {","highlight_start":1,"highlight_end":22}],"label":"similarly named enum `Result` defined here","suggested_replacement":null,"suggestion_applicability":null,"expansion":null},{"file_name":"src/lib.rs","byte_start":3979,"byte_end":3987,"line_start":136,"line_end":136,"column_start":42,"column_end":50,"is_primary":true,"text":[{"text":"pub fn read_json_file(filepath: &str) -> MyResult<String>{","highlight_start":42,"highlight_end":50}],"label":null,"suggested_replacement":null,"suggestion_applicability":null,"expansion":null}],"children":[{"message":"an enum with a similar name exists","code":null,"level":"help","spans":[{"file_name":"src/lib.rs","byte_start":3979,"byte_end":3987,"line_start":136,"line_end":136,"column_start":42,"column_end":50,"is_primary":true,"text":[{"text":"pub fn read_json_file(filepath: &str) -> MyResult<String>{","highlight_start":42,"highlight_end":50}],"label":null,"suggested_replacement":"Result","suggestion_applicability":"MaybeIncorrect","expansion":null}],"children":[],"rendered":null}],"rendered":"\u001b[0m\u001b[1m\u001b[38;5;9merror[E0412]\u001b[0m\u001b[0m\u001b[1m: cannot find type `MyResult` in this scope\u001b[0m\n\u001b[0m   \u001b[0m\u001b[0m\u001b[1m\u001b[38;5;12m--> \u001b[0m\u001b[0msrc/lib.rs:136:42\u001b[0m\n\u001b[0m    \u001b[0m\u001b[0m\u001b[1m\u001b[38;5;12m|\u001b[0m\n\u001b[0m\u001b[1m\u001b[38;5;12m136\u001b[0m\u001b[0m \u001b[0m\u001b[0m\u001b[1m\u001b[38;5;12m|\u001b[0m\u001b[0m \u001b[0m\u001b[0mpub fn read_json_file(filepath: &str) -> MyResult<String>{\u001b[0m\n\u001b[0m    \u001b[0m\u001b[0m\u001b[1m\u001b[38;5;12m| \u001b[0m\u001b[0m                                         \u001b[0m\u001b[0m\u001b[1m\u001b[38;5;9m^^^^^^^^\u001b[0m\u001b[0m \u001b[0m\u001b[0m\u001b[1m\u001b[38;5;9mhelp: an enum with a similar name exists: `Result`\u001b[0m\n\u001b[0m    \u001b[0m\u001b[0m\u001b[1m\u001b[38;5;12m|\u001b[0m\n\u001b[0m   \u001b[0m\u001b[0m\u001b[1m\u001b[38;5;12m::: \u001b[0m\u001b[0m/Users/thun/.rustup/toolchains/stable-x86_64-apple-darwin/lib/rustlib/src/rust/library/core/src/result.rs:502:1\u001b[0m\n\u001b[0m    \u001b[0m\u001b[0m\u001b[1m\u001b[38;5;12m|\u001b[0m\n\u001b[0m\u001b[1m\u001b[38;5;12m502\u001b[0m\u001b[0m \u001b[0m\u001b[0m\u001b[1m\u001b[38;5;12m|\u001b[0m\u001b[0m \u001b[0m\u001b[0mpub enum Result<T, E> {\u001b[0m\n\u001b[0m    \u001b[0m\u001b[0m\u001b[1m\u001b[38;5;12m| \u001b[0m\u001b[0m\u001b[1m\u001b[38;5;12m---------------------\u001b[0m\u001b[0m \u001b[0m\u001b[0m\u001b[1m\u001b[38;5;12msimilarly named enum `Result` defined here\u001b[0m\n\n"}
{"message":"cannot find type `MyResult` in this scope","code":{"code":"E0412","explanation":"A used type name is not in scope.\n\nErroneous code examples:\n\n```compile_fail,E0412\nimpl Something {} // error: type name `Something` is not in scope\n\n// or:\n\ntrait Foo {\n    fn bar(N); // error: type name `N` is not in scope\n}\n\n// or:\n\nfn foo(x: T) {} // type name `T` is not in scope\n```\n\nTo fix this error, please verify you didn't misspell the type name, you did\ndeclare it or imported it into the scope. Examples:\n\n```\nstruct Something;\n\nimpl Something {} // ok!\n\n// or:\n\ntrait Foo {\n    type N;\n\n    fn bar(_: Self::N); // ok!\n}\n\n// or:\n\nfn foo<T>(x: T) {} // ok!\n```\n\nAnother case that causes this error is when a type is imported into a parent\nmodule. To fix this, you can follow the suggestion and use File directly or\n`use super::File;` which will import the types from the parent namespace. An\nexample that causes this error is below:\n\n```compile_fail,E0412\nuse std::fs::File;\n\nmod foo {\n    fn some_function(f: File) {}\n}\n```\n\n```\nuse std::fs::File;\n\nmod foo {\n    // either\n    use super::File;\n    // or\n    // use std::fs::File;\n    fn foo(f: File) {}\n}\n# fn main() {} // don't insert it for us; that'll break imports\n```\n"},"level":"error","spans":[{"file_name":"/Users/thun/.rustup/toolchains/stable-x86_64-apple-darwin/lib/rustlib/src/rust/library/core/src/result.rs","byte_start":18247,"byte_end":18268,"line_start":502,"line_end":502,"column_start":1,"column_end":22,"is_primary":false,"text":[{"text":"pub enum Result<T, E> {","highlight_start":1,"highlight_end":22}],"label":"similarly named enum `Result` defined here","suggested_replacement":null,"suggestion_applicability":null,"expansion":null},{"file_name":"src/lib.rs","byte_start":4159,"byte_end":4167,"line_start":141,"line_end":141,"column_start":62,"column_end":70,"is_primary":true,"text":[{"text":"pub fn write_bson_file(filepath: &str, content: Document) -> MyResult<()>{","highlight_start":62,"highlight_end":70}],"label":null,"suggested_replacement":null,"suggestion_applicability":null,"expansion":null}],"children":[{"message":"an enum with a similar name exists","code":null,"level":"help","spans":[{"file_name":"src/lib.rs","byte_start":4159,"byte_end":4167,"line_start":141,"line_end":141,"column_start":62,"column_end":70,"is_primary":true,"text":[{"text":"pub fn write_bson_file(filepath: &str, content: Document) -> MyResult<()>{","highlight_start":62,"highlight_end":70}],"label":null,"suggested_replacement":"Result","suggestion_applicability":"MaybeIncorrect","expansion":null}],"children":[],"rendered":null}],"rendered":"\u001b[0m\u001b[1m\u001b[38;5;9merror[E0412]\u001b[0m\u001b[0m\u001b[1m: cannot find type `MyResult` in this scope\u001b[0m\n\u001b[0m   \u001b[0m\u001b[0m\u001b[1m\u001b[38;5;12m--> \u001b[0m\u001b[0msrc/lib.rs:141:62\u001b[0m\n\u001b[0m    \u001b[0m\u001b[0m\u001b[1m\u001b[38;5;12m|\u001b[0m\n\u001b[0m\u001b[1m\u001b[38;5;12m141\u001b[0m\u001b[0m \u001b[0m\u001b[0m\u001b[1m\u001b[38;5;12m|\u001b[0m\u001b[0m \u001b[0m\u001b[0mpub fn write_bson_file(filepath: &str, content: Document) -> MyResult<()>{\u001b[0m\n\u001b[0m    \u001b[0m\u001b[0m\u001b[1m\u001b[38;5;12m| \u001b[0m\u001b[0m                                                             \u001b[0m\u001b[0m\u001b[1m\u001b[38;5;9m^^^^^^^^\u001b[0m\u001b[0m \u001b[0m\u001b[0m\u001b[1m\u001b[38;5;9mhelp: an enum with a similar name exists: `Result`\u001b[0m\n\u001b[0m    \u001b[0m\u001b[0m\u001b[1m\u001b[38;5;12m|\u001b[0m\n\u001b[0m   \u001b[0m\u001b[0m\u001b[1m\u001b[38;5;12m::: \u001b[0m\u001b[0m/Users/thun/.rustup/toolchains/stable-x86_64-apple-darwin/lib/rustlib/src/rust/library/core/src/result.rs:502:1\u001b[0m\n\u001b[0m    \u001b[0m\u001b[0m\u001b[1m\u001b[38;5;12m|\u001b[0m\n\u001b[0m\u001b[1m\u001b[38;5;12m502\u001b[0m\u001b[0m \u001b[0m\u001b[0m\u001b[1m\u001b[38;5;12m|\u001b[0m\u001b[0m \u001b[0m\u001b[0mpub enum Result<T, E> {\u001b[0m\n\u001b[0m    \u001b[0m\u001b[0m\u001b[1m\u001b[38;5;12m| \u001b[0m\u001b[0m\u001b[1m\u001b[38;5;12m---------------------\u001b[0m\u001b[0m \u001b[0m\u001b[0m\u001b[1m\u001b[38;5;12msimilarly named enum `Result` defined here\u001b[0m\n\n"}
{"message":"cannot find type `MyResult` in this scope","code":{"code":"E0412","explanation":"A used type name is not in scope.\n\nErroneous code examples:\n\n```compile_fail,E0412\nimpl Something {} // error: type name `Something` is not in scope\n\n// or:\n\ntrait Foo {\n    fn bar(N); // error: type name `N` is not in scope\n}\n\n// or:\n\nfn foo(x: T) {} // type name `T` is not in scope\n```\n\nTo fix this error, please verify you didn't misspell the type name, you did\ndeclare it or imported it into the scope. Examples:\n\n```\nstruct Something;\n\nimpl Something {} // ok!\n\n// or:\n\ntrait Foo {\n    type N;\n\n    fn bar(_: Self::N); // ok!\n}\n\n// or:\n\nfn foo<T>(x: T) {} // ok!\n```\n\nAnother case that causes this error is when a type is imported into a parent\nmodule. To fix this, you can follow the suggestion and use File directly or\n`use super::File;` which will import the types from the parent namespace. An\nexample that causes this error is below:\n\n```compile_fail,E0412\nuse std::fs::File;\n\nmod foo {\n    fn some_function(f: File) {}\n}\n```\n\n```\nuse std::fs::File;\n\nmod foo {\n    // either\n    use super::File;\n    // or\n    // use std::fs::File;\n    fn foo(f: File) {}\n}\n# fn main() {} // don't insert it for us; that'll break imports\n```\n"},"level":"error","spans":[{"file_name":"/Users/thun/.rustup/toolchains/stable-x86_64-apple-darwin/lib/rustlib/src/rust/library/core/src/result.rs","byte_start":18247,"byte_end":18268,"line_start":502,"line_end":502,"column_start":1,"column_end":22,"is_primary":false,"text":[{"text":"pub enum Result<T, E> {","highlight_start":1,"highlight_end":22}],"label":"similarly named enum `Result` defined here","suggested_replacement":null,"suggestion_applicability":null,"expansion":null},{"file_name":"src/lib.rs","byte_start":4382,"byte_end":4390,"line_start":148,"line_end":148,"column_start":42,"column_end":50,"is_primary":true,"text":[{"text":"pub fn read_bson_file(filepath: &str) -> MyResult<Document>{","highlight_start":42,"highlight_end":50}],"label":null,"suggested_replacement":null,"suggestion_applicability":null,"expansion":null}],"children":[{"message":"an enum with a similar name exists","code":null,"level":"help","spans":[{"file_name":"src/lib.rs","byte_start":4382,"byte_end":4390,"line_start":148,"line_end":148,"column_start":42,"column_end":50,"is_primary":true,"text":[{"text":"pub fn read_bson_file(filepath: &str) -> MyResult<Document>{","highlight_start":42,"highlight_end":50}],"label":null,"suggested_replacement":"Result","suggestion_applicability":"MaybeIncorrect","expansion":null}],"children":[],"rendered":null}],"rendered":"\u001b[0m\u001b[1m\u001b[38;5;9merror[E0412]\u001b[0m\u001b[0m\u001b[1m: cannot find type `MyResult` in this scope\u001b[0m\n\u001b[0m   \u001b[0m\u001b[0m\u001b[1m\u001b[38;5;12m--> \u001b[0m\u001b[0msrc/lib.rs:148:42\u001b[0m\n\u001b[0m    \u001b[0m\u001b[0m\u001b[1m\u001b[38;5;12m|\u001b[0m\n\u001b[0m\u001b[1m\u001b[38;5;12m148\u001b[0m\u001b[0m \u001b[0m\u001b[0m\u001b[1m\u001b[38;5;12m|\u001b[0m\u001b[0m \u001b[0m\u001b[0mpub fn read_bson_file(filepath: &str) -> MyResult<Document>{\u001b[0m\n\u001b[0m    \u001b[0m\u001b[0m\u001b[1m\u001b[38;5;12m| \u001b[0m\u001b[0m                                         \u001b[0m\u001b[0m\u001b[1m\u001b[38;5;9m^^^^^^^^\u001b[0m\u001b[0m \u001b[0m\u001b[0m\u001b[1m\u001b[38;5;9mhelp: an enum with a similar name exists: `Result`\u001b[0m\n\u001b[0m    \u001b[0m\u001b[0m\u001b[1m\u001b[38;5;12m|\u001b[0m\n\u001b[0m   \u001b[0m\u001b[0m\u001b[1m\u001b[38;5;12m::: \u001b[0m\u001b[0m/Users/thun/.rustup/toolchains/stable-x86_64-apple-darwin/lib/rustlib/src/rust/library/core/src/result.rs:502:1\u001b[0m\n\u001b[0m    \u001b[0m\u001b[0m\u001b[1m\u001b[38;5;12m|\u001b[0m\n\u001b[0m\u001b[1m\u001b[38;5;12m502\u001b[0m\u001b[0m \u001b[0m\u001b[0m\u001b[1m\u001b[38;5;12m|\u001b[0m\u001b[0m \u001b[0m\u001b[0mpub enum Result<T, E> {\u001b[0m\n\u001b[0m    \u001b[0m\u001b[0m\u001b[1m\u001b[38;5;12m| \u001b[0m\u001b[0m\u001b[1m\u001b[38;5;12m---------------------\u001b[0m\u001b[0m \u001b[0m\u001b[0m\u001b[1m\u001b[38;5;12msimilarly named enum `Result` defined here\u001b[0m\n\n"}
{"message":"cannot find type `MyResult` in this scope","code":{"code":"E0412","explanation":"A used type name is not in scope.\n\nErroneous code examples:\n\n```compile_fail,E0412\nimpl Something {} // error: type name `Something` is not in scope\n\n// or:\n\ntrait Foo {\n    fn bar(N); // error: type name `N` is not in scope\n}\n\n// or:\n\nfn foo(x: T) {} // type name `T` is not in scope\n```\n\nTo fix this error, please verify you didn't misspell the type name, you did\ndeclare it or imported it into the scope. Examples:\n\n```\nstruct Something;\n\nimpl Something {} // ok!\n\n// or:\n\ntrait Foo {\n    type N;\n\n    fn bar(_: Self::N); // ok!\n}\n\n// or:\n\nfn foo<T>(x: T) {} // ok!\n```\n\nAnother case that causes this error is when a type is imported into a parent\nmodule. To fix this, you can follow the suggestion and use File directly or\n`use super::File;` which will import the types from the parent namespace. An\nexample that causes this error is below:\n\n```compile_fail,E0412\nuse std::fs::File;\n\nmod foo {\n    fn some_function(f: File) {}\n}\n```\n\n```\nuse std::fs::File;\n\nmod foo {\n    // either\n    use super::File;\n    // or\n    // use std::fs::File;\n    fn foo(f: File) {}\n}\n# fn main() {} // don't insert it for us; that'll break imports\n```\n"},"level":"error","spans":[{"file_name":"/Users/thun/.rustup/toolchains/stable-x86_64-apple-darwin/lib/rustlib/src/rust/library/core/src/result.rs","byte_start":18247,"byte_end":18268,"line_start":502,"line_end":502,"column_start":1,"column_end":22,"is_primary":false,"text":[{"text":"pub enum Result<T, E> {","highlight_start":1,"highlight_end":22}],"label":"similarly named enum `Result` defined here","suggested_replacement":null,"suggestion_applicability":null,"expansion":null},{"file_name":"src/lib.rs","byte_start":4754,"byte_end":4762,"line_start":157,"line_end":157,"column_start":59,"column_end":67,"is_primary":true,"text":[{"text":"pub fn write_json_file(filepath: &str, content: Value) -> MyResult<()>{","highlight_start":59,"highlight_end":67}],"label":null,"suggested_replacement":null,"suggestion_applicability":null,"expansion":null}],"children":[{"message":"an enum with a similar name exists","code":null,"level":"help","spans":[{"file_name":"src/lib.rs","byte_start":4754,"byte_end":4762,"line_start":157,"line_end":157,"column_start":59,"column_end":67,"is_primary":true,"text":[{"text":"pub fn write_json_file(filepath: &str, content: Value) -> MyResult<()>{","highlight_start":59,"highlight_end":67}],"label":null,"suggested_replacement":"Result","suggestion_applicability":"MaybeIncorrect","expansion":null}],"children":[],"rendered":null}],"rendered":"\u001b[0m\u001b[1m\u001b[38;5;9merror[E0412]\u001b[0m\u001b[0m\u001b[1m: cannot find type `MyResult` in this scope\u001b[0m\n\u001b[0m   \u001b[0m\u001b[0m\u001b[1m\u001b[38;5;12m--> \u001b[0m\u001b[0msrc/lib.rs:157:59\u001b[0m\n\u001b[0m    \u001b[0m\u001b[0m\u001b[1m\u001b[38;5;12m|\u001b[0m\n\u001b[0m\u001b[1m\u001b[38;5;12m157\u001b[0m\u001b[0m \u001b[0m\u001b[0m\u001b[1m\u001b[38;5;12m|\u001b[0m\u001b[0m \u001b[0m\u001b[0mpub fn write_json_file(filepath: &str, content: Value) -> MyResult<()>{\u001b[0m\n\u001b[0m    \u001b[0m\u001b[0m\u001b[1m\u001b[38;5;12m| \u001b[0m\u001b[0m                                                          \u001b[0m\u001b[0m\u001b[1m\u001b[38;5;9m^^^^^^^^\u001b[0m\u001b[0m \u001b[0m\u001b[0m\u001b[1m\u001b[38;5;9mhelp: an enum with a similar name exists: `Result`\u001b[0m\n\u001b[0m    \u001b[0m\u001b[0m\u001b[1m\u001b[38;5;12m|\u001b[0m\n\u001b[0m   \u001b[0m\u001b[0m\u001b[1m\u001b[38;5;12m::: \u001b[0m\u001b[0m/Users/thun/.rustup/toolchains/stable-x86_64-apple-darwin/lib/rustlib/src/rust/library/core/src/result.rs:502:1\u001b[0m\n\u001b[0m    \u001b[0m\u001b[0m\u001b[1m\u001b[38;5;12m|\u001b[0m\n\u001b[0m\u001b[1m\u001b[38;5;12m502\u001b[0m\u001b[0m \u001b[0m\u001b[0m\u001b[1m\u001b[38;5;12m|\u001b[0m\u001b[0m \u001b[0m\u001b[0mpub enum Result<T, E> {\u001b[0m\n\u001b[0m    \u001b[0m\u001b[0m\u001b[1m\u001b[38;5;12m| \u001b[0m\u001b[0m\u001b[1m\u001b[38;5;12m---------------------\u001b[0m\u001b[0m \u001b[0m\u001b[0m\u001b[1m\u001b[38;5;12msimilarly named enum `Result` defined here\u001b[0m\n\n"}
{"message":"cannot find type `MyResult` in this scope","code":{"code":"E0412","explanation":"A used type name is not in scope.\n\nErroneous code examples:\n\n```compile_fail,E0412\nimpl Something {} // error: type name `Something` is not in scope\n\n// or:\n\ntrait Foo {\n    fn bar(N); // error: type name `N` is not in scope\n}\n\n// or:\n\nfn foo(x: T) {} // type name `T` is not in scope\n```\n\nTo fix this error, please verify you didn't misspell the type name, you did\ndeclare it or imported it into the scope. Examples:\n\n```\nstruct Something;\n\nimpl Something {} // ok!\n\n// or:\n\ntrait Foo {\n    type N;\n\n    fn bar(_: Self::N); // ok!\n}\n\n// or:\n\nfn foo<T>(x: T) {} // ok!\n```\n\nAnother case that causes this error is when a type is imported into a parent\nmodule. To fix this, you can follow the suggestion and use File directly or\n`use super::File;` which will import the types from the parent namespace. An\nexample that causes this error is below:\n\n```compile_fail,E0412\nuse std::fs::File;\n\nmod foo {\n    fn some_function(f: File) {}\n}\n```\n\n```\nuse std::fs::File;\n\nmod foo {\n    // either\n    use super::File;\n    // or\n    // use std::fs::File;\n    fn foo(f: File) {}\n}\n# fn main() {} // don't insert it for us; that'll break imports\n```\n"},"level":"error","spans":[{"file_name":"/Users/thun/.rustup/toolchains/stable-x86_64-apple-darwin/lib/rustlib/src/rust/library/core/src/result.rs","byte_start":18247,"byte_end":18268,"line_start":502,"line_end":502,"column_start":1,"column_end":22,"is_primary":false,"text":[{"text":"pub enum Result<T, E> {","highlight_start":1,"highlight_end":22}],"label":"similarly named enum `Result` defined here","suggested_replacement":null,"suggestion_applicability":null,"expansion":null},{"file_name":"src/lib.rs","byte_start":5005,"byte_end":5013,"line_start":165,"line_end":165,"column_start":42,"column_end":50,"is_primary":true,"text":[{"text":"pub fn read_msgp_file(filepath: &str) -> MyResult<&[u8]>{","highlight_start":42,"highlight_end":50}],"label":null,"suggested_replacement":null,"suggestion_applicability":null,"expansion":null}],"children":[{"message":"an enum with a similar name exists","code":null,"level":"help","spans":[{"file_name":"src/lib.rs","byte_start":5005,"byte_end":5013,"line_start":165,"line_end":165,"column_start":42,"column_end":50,"is_primary":true,"text":[{"text":"pub fn read_msgp_file(filepath: &str) -> MyResult<&[u8]>{","highlight_start":42,"highlight_end":50}],"label":null,"suggested_replacement":"Result","suggestion_applicability":"MaybeIncorrect","expansion":null}],"children":[],"rendered":null}],"rendered":"\u001b[0m\u001b[1m\u001b[38;5;9merror[E0412]\u001b[0m\u001b[0m\u001b[1m: cannot find type `MyResult` in this scope\u001b[0m\n\u001b[0m   \u001b[0m\u001b[0m\u001b[1m\u001b[38;5;12m--> \u001b[0m\u001b[0msrc/lib.rs:165:42\u001b[0m\n\u001b[0m    \u001b[0m\u001b[0m\u001b[1m\u001b[38;5;12m|\u001b[0m\n\u001b[0m\u001b[1m\u001b[38;5;12m165\u001b[0m\u001b[0m \u001b[0m\u001b[0m\u001b[1m\u001b[38;5;12m|\u001b[0m\u001b[0m \u001b[0m\u001b[0mpub fn read_msgp_file(filepath: &str) -> MyResult<&[u8]>{\u001b[0m\n\u001b[0m    \u001b[0m\u001b[0m\u001b[1m\u001b[38;5;12m| \u001b[0m\u001b[0m                                         \u001b[0m\u001b[0m\u001b[1m\u001b[38;5;9m^^^^^^^^\u001b[0m\u001b[0m \u001b[0m\u001b[0m\u001b[1m\u001b[38;5;9mhelp: an enum with a similar name exists: `Result`\u001b[0m\n\u001b[0m    \u001b[0m\u001b[0m\u001b[1m\u001b[38;5;12m|\u001b[0m\n\u001b[0m   \u001b[0m\u001b[0m\u001b[1m\u001b[38;5;12m::: \u001b[0m\u001b[0m/Users/thun/.rustup/toolchains/stable-x86_64-apple-darwin/lib/rustlib/src/rust/library/core/src/result.rs:502:1\u001b[0m\n\u001b[0m    \u001b[0m\u001b[0m\u001b[1m\u001b[38;5;12m|\u001b[0m\n\u001b[0m\u001b[1m\u001b[38;5;12m502\u001b[0m\u001b[0m \u001b[0m\u001b[0m\u001b[1m\u001b[38;5;12m|\u001b[0m\u001b[0m \u001b[0m\u001b[0mpub enum Result<T, E> {\u001b[0m\n\u001b[0m    \u001b[0m\u001b[0m\u001b[1m\u001b[38;5;12m| \u001b[0m\u001b[0m\u001b[1m\u001b[38;5;12m---------------------\u001b[0m\u001b[0m \u001b[0m\u001b[0m\u001b[1m\u001b[38;5;12msimilarly named enum `Result` defined here\u001b[0m\n\n"}
{"message":"unused import: `bson::spec::BinarySubtype`","code":{"code":"unused_imports","explanation":null},"level":"warning","spans":[{"file_name":"src/lib.rs","byte_start":4,"byte_end":29,"line_start":1,"line_end":1,"column_start":5,"column_end":30,"is_primary":true,"text":[{"text":"use bson::spec::BinarySubtype;","highlight_start":5,"highlight_end":30}],"label":null,"suggested_replacement":null,"suggestion_applicability":null,"expansion":null}],"children":[{"message":"`#[warn(unused_imports)]` on by default","code":null,"level":"note","spans":[],"children":[],"rendered":null},{"message":"remove the whole `use` item","code":null,"level":"help","spans":[{"file_name":"src/lib.rs","byte_start":0,"byte_end":30,"line_start":1,"line_end":1,"column_start":1,"column_end":31,"is_primary":true,"text":[{"text":"use bson::spec::BinarySubtype;","highlight_start":1,"highlight_end":31}],"label":null,"suggested_replacement":"","suggestion_applicability":"MachineApplicable","expansion":null}],"children":[],"rendered":null}],"rendered":"\u001b[0m\u001b[1m\u001b[33mwarning\u001b[0m\u001b[0m\u001b[1m: unused import: `bson::spec::BinarySubtype`\u001b[0m\n\u001b[0m \u001b[0m\u001b[0m\u001b[1m\u001b[38;5;12m--> \u001b[0m\u001b[0msrc/lib.rs:1:5\u001b[0m\n\u001b[0m  \u001b[0m\u001b[0m\u001b[1m\u001b[38;5;12m|\u001b[0m\n\u001b[0m\u001b[1m\u001b[38;5;12m1\u001b[0m\u001b[0m \u001b[0m\u001b[0m\u001b[1m\u001b[38;5;12m|\u001b[0m\u001b[0m \u001b[0m\u001b[0muse bson::spec::BinarySubtype;\u001b[0m\n\u001b[0m  \u001b[0m\u001b[0m\u001b[1m\u001b[38;5;12m| \u001b[0m\u001b[0m    \u001b[0m\u001b[0m\u001b[1m\u001b[33m^^^^^^^^^^^^^^^^^^^^^^^^^\u001b[0m\n\u001b[0m  \u001b[0m\u001b[0m\u001b[1m\u001b[38;5;12m|\u001b[0m\n\u001b[0m  \u001b[0m\u001b[0m\u001b[1m\u001b[38;5;12m= \u001b[0m\u001b[0m\u001b[1mnote\u001b[0m\u001b[0m: `#[warn(unused_imports)]` on by default\u001b[0m\n\n"}
{"message":"unused import: `std::error::Error`","code":{"code":"unused_imports","explanation":null},"level":"warning","spans":[{"file_name":"src/lib.rs","byte_start":83,"byte_end":100,"line_start":4,"line_end":4,"column_start":5,"column_end":22,"is_primary":true,"text":[{"text":"use std::error::Error;","highlight_start":5,"highlight_end":22}],"label":null,"suggested_replacement":null,"suggestion_applicability":null,"expansion":null}],"children":[{"message":"remove the whole `use` item","code":null,"level":"help","spans":[{"file_name":"src/lib.rs","byte_start":79,"byte_end":101,"line_start":4,"line_end":4,"column_start":1,"column_end":23,"is_primary":true,"text":[{"text":"use std::error::Error;","highlight_start":1,"highlight_end":23}],"label":null,"suggested_replacement":"","suggestion_applicability":"MachineApplicable","expansion":null}],"children":[],"rendered":null}],"rendered":"\u001b[0m\u001b[1m\u001b[33mwarning\u001b[0m\u001b[0m\u001b[1m: unused import: `std::error::Error`\u001b[0m\n\u001b[0m \u001b[0m\u001b[0m\u001b[1m\u001b[38;5;12m--> \u001b[0m\u001b[0msrc/lib.rs:4:5\u001b[0m\n\u001b[0m  \u001b[0m\u001b[0m\u001b[1m\u001b[38;5;12m|\u001b[0m\n\u001b[0m\u001b[1m\u001b[38;5;12m4\u001b[0m\u001b[0m \u001b[0m\u001b[0m\u001b[1m\u001b[38;5;12m|\u001b[0m\u001b[0m \u001b[0m\u001b[0muse std::error::Error;\u001b[0m\n\u001b[0m  \u001b[0m\u001b[0m\u001b[1m\u001b[38;5;12m| \u001b[0m\u001b[0m    \u001b[0m\u001b[0m\u001b[1m\u001b[33m^^^^^^^^^^^^^^^^^\u001b[0m\n\n"}
{"message":"unused import: `json`","code":{"code":"unused_imports","explanation":null},"level":"warning","spans":[{"file_name":"src/lib.rs","byte_start":134,"byte_end":138,"line_start":5,"line_end":5,"column_start":33,"column_end":37,"is_primary":true,"text":[{"text":"use serde_json::{Value, Number, json};","highlight_start":33,"highlight_end":37}],"label":null,"suggested_replacement":null,"suggestion_applicability":null,"expansion":null}],"children":[{"message":"remove the unused import","code":null,"level":"help","spans":[{"file_name":"src/lib.rs","byte_start":132,"byte_end":138,"line_start":5,"line_end":5,"column_start":31,"column_end":37,"is_primary":true,"text":[{"text":"use serde_json::{Value, Number, json};","highlight_start":31,"highlight_end":37}],"label":null,"suggested_replacement":"","suggestion_applicability":"MachineApplicable","expansion":null}],"children":[],"rendered":null}],"rendered":"\u001b[0m\u001b[1m\u001b[33mwarning\u001b[0m\u001b[0m\u001b[1m: unused import: `json`\u001b[0m\n\u001b[0m \u001b[0m\u001b[0m\u001b[1m\u001b[38;5;12m--> \u001b[0m\u001b[0msrc/lib.rs:5:33\u001b[0m\n\u001b[0m  \u001b[0m\u001b[0m\u001b[1m\u001b[38;5;12m|\u001b[0m\n\u001b[0m\u001b[1m\u001b[38;5;12m5\u001b[0m\u001b[0m \u001b[0m\u001b[0m\u001b[1m\u001b[38;5;12m|\u001b[0m\u001b[0m \u001b[0m\u001b[0muse serde_json::{Value, Number, json};\u001b[0m\n\u001b[0m  \u001b[0m\u001b[0m\u001b[1m\u001b[38;5;12m| \u001b[0m\u001b[0m                                \u001b[0m\u001b[0m\u001b[1m\u001b[33m^^^^\u001b[0m\n\n"}
{"message":"unused import: `bson::Binary`","code":{"code":"unused_imports","explanation":null},"level":"warning","spans":[{"file_name":"src/lib.rs","byte_start":175,"byte_end":187,"line_start":7,"line_end":7,"column_start":5,"column_end":17,"is_primary":true,"text":[{"text":"use bson::Binary; ","highlight_start":5,"highlight_end":17}],"label":null,"suggested_replacement":null,"suggestion_applicability":null,"expansion":null}],"children":[{"message":"remove the whole `use` item","code":null,"level":"help","spans":[{"file_name":"src/lib.rs","byte_start":171,"byte_end":188,"line_start":7,"line_end":7,"column_start":1,"column_end":18,"is_primary":true,"text":[{"text":"use bson::Binary; ","highlight_start":1,"highlight_end":18}],"label":null,"suggested_replacement":"","suggestion_applicability":"MachineApplicable","expansion":null}],"children":[],"rendered":null}],"rendered":"\u001b[0m\u001b[1m\u001b[33mwarning\u001b[0m\u001b[0m\u001b[1m: unused import: `bson::Binary`\u001b[0m\n\u001b[0m \u001b[0m\u001b[0m\u001b[1m\u001b[38;5;12m--> \u001b[0m\u001b[0msrc/lib.rs:7:5\u001b[0m\n\u001b[0m  \u001b[0m\u001b[0m\u001b[1m\u001b[38;5;12m|\u001b[0m\n\u001b[0m\u001b[1m\u001b[38;5;12m7\u001b[0m\u001b[0m \u001b[0m\u001b[0m\u001b[1m\u001b[38;5;12m|\u001b[0m\u001b[0m \u001b[0m\u001b[0muse bson::Binary; \u001b[0m\n\u001b[0m  \u001b[0m\u001b[0m\u001b[1m\u001b[38;5;12m| \u001b[0m\u001b[0m    \u001b[0m\u001b[0m\u001b[1m\u001b[33m^^^^^^^^^^^^\u001b[0m\n\n"}
{"message":"unused import: `self`","code":{"code":"unused_imports","explanation":null},"level":"warning","spans":[{"file_name":"src/lib.rs","byte_start":236,"byte_end":240,"line_start":10,"line_end":10,"column_start":15,"column_end":19,"is_primary":true,"text":[{"text":"use std::io::{self, Write, Read, BufWriter};","highlight_start":15,"highlight_end":19}],"label":null,"suggested_replacement":null,"suggestion_applicability":null,"expansion":null}],"children":[{"message":"remove the unused import","code":null,"level":"help","spans":[{"file_name":"src/lib.rs","byte_start":236,"byte_end":242,"line_start":10,"line_end":10,"column_start":15,"column_end":21,"is_primary":true,"text":[{"text":"use std::io::{self, Write, Read, BufWriter};","highlight_start":15,"highlight_end":21}],"label":null,"suggested_replacement":"","suggestion_applicability":"MachineApplicable","expansion":null}],"children":[],"rendered":null}],"rendered":"\u001b[0m\u001b[1m\u001b[33mwarning\u001b[0m\u001b[0m\u001b[1m: unused import: `self`\u001b[0m\n\u001b[0m  \u001b[0m\u001b[0m\u001b[1m\u001b[38;5;12m--> \u001b[0m\u001b[0msrc/lib.rs:10:15\u001b[0m\n\u001b[0m   \u001b[0m\u001b[0m\u001b[1m\u001b[38;5;12m|\u001b[0m\n\u001b[0m\u001b[1m\u001b[38;5;12m10\u001b[0m\u001b[0m \u001b[0m\u001b[0m\u001b[1m\u001b[38;5;12m|\u001b[0m\u001b[0m \u001b[0m\u001b[0muse std::io::{self, Write, Read, BufWriter};\u001b[0m\n\u001b[0m   \u001b[0m\u001b[0m\u001b[1m\u001b[38;5;12m| \u001b[0m\u001b[0m              \u001b[0m\u001b[0m\u001b[1m\u001b[33m^^^^\u001b[0m\n\n"}
{"message":"unused import: `decode`","code":{"code":"unused_imports","explanation":null},"level":"warning","spans":[{"file_name":"src/lib.rs","byte_start":302,"byte_end":308,"line_start":11,"line_end":11,"column_start":36,"column_end":42,"is_primary":true,"text":[{"text":"use rmp::{encode::ValueWriteError, decode}; ","highlight_start":36,"highlight_end":42}],"label":null,"suggested_replacement":null,"suggestion_applicability":null,"expansion":null}],"children":[{"message":"remove the unused import","code":null,"level":"help","spans":[{"file_name":"src/lib.rs","byte_start":300,"byte_end":308,"line_start":11,"line_end":11,"column_start":34,"column_end":42,"is_primary":true,"text":[{"text":"use rmp::{encode::ValueWriteError, decode}; ","highlight_start":34,"highlight_end":42}],"label":null,"suggested_replacement":"","suggestion_applicability":"MachineApplicable","expansion":null}],"children":[],"rendered":null}],"rendered":"\u001b[0m\u001b[1m\u001b[33mwarning\u001b[0m\u001b[0m\u001b[1m: unused import: `decode`\u001b[0m\n\u001b[0m  \u001b[0m\u001b[0m\u001b[1m\u001b[38;5;12m--> \u001b[0m\u001b[0msrc/lib.rs:11:36\u001b[0m\n\u001b[0m   \u001b[0m\u001b[0m\u001b[1m\u001b[38;5;12m|\u001b[0m\n\u001b[0m\u001b[1m\u001b[38;5;12m11\u001b[0m\u001b[0m \u001b[0m\u001b[0m\u001b[1m\u001b[38;5;12m|\u001b[0m\u001b[0m \u001b[0m\u001b[0muse rmp::{encode::ValueWriteError, decode}; \u001b[0m\n\u001b[0m   \u001b[0m\u001b[0m\u001b[1m\u001b[38;5;12m| \u001b[0m\u001b[0m                                   \u001b[0m\u001b[0m\u001b[1m\u001b[33m^^^^^^\u001b[0m\n\n"}
{"message":"unused import: `rmp_serde::from_read`","code":{"code":"unused_imports","explanation":null},"level":"warning","spans":[{"file_name":"src/lib.rs","byte_start":316,"byte_end":336,"line_start":12,"line_end":12,"column_start":5,"column_end":25,"is_primary":true,"text":[{"text":"use rmp_serde::from_read;","highlight_start":5,"highlight_end":25}],"label":null,"suggested_replacement":null,"suggestion_applicability":null,"expansion":null}],"children":[{"message":"remove the whole `use` item","code":null,"level":"help","spans":[{"file_name":"src/lib.rs","byte_start":312,"byte_end":337,"line_start":12,"line_end":12,"column_start":1,"column_end":26,"is_primary":true,"text":[{"text":"use rmp_serde::from_read;","highlight_start":1,"highlight_end":26}],"label":null,"suggested_replacement":"","suggestion_applicability":"MachineApplicable","expansion":null}],"children":[],"rendered":null}],"rendered":"\u001b[0m\u001b[1m\u001b[33mwarning\u001b[0m\u001b[0m\u001b[1m: unused import: `rmp_serde::from_read`\u001b[0m\n\u001b[0m  \u001b[0m\u001b[0m\u001b[1m\u001b[38;5;12m--> \u001b[0m\u001b[0msrc/lib.rs:12:5\u001b[0m\n\u001b[0m   \u001b[0m\u001b[0m\u001b[1m\u001b[38;5;12m|\u001b[0m\n\u001b[0m\u001b[1m\u001b[38;5;12m12\u001b[0m\u001b[0m \u001b[0m\u001b[0m\u001b[1m\u001b[38;5;12m|\u001b[0m\u001b[0m \u001b[0m\u001b[0muse rmp_serde::from_read;\u001b[0m\n\u001b[0m   \u001b[0m\u001b[0m\u001b[1m\u001b[38;5;12m| \u001b[0m\u001b[0m    \u001b[0m\u001b[0m\u001b[1m\u001b[33m^^^^^^^^^^^^^^^^^^^^\u001b[0m\n\n"}
{"message":"this function takes 2 arguments but 1 argument was supplied","code":{"code":"E0061","explanation":"An invalid number of arguments was passed when calling a function.\n\nErroneous code example:\n\n```compile_fail,E0061\nfn f(u: i32) {}\n\nf(); // error!\n```\n\nThe number of arguments passed to a function must match the number of arguments\nspecified in the function signature.\n\nFor example, a function like:\n\n```\nfn f(a: u16, b: &str) {}\n```\n\nMust always be called with exactly two arguments, e.g., `f(2, \"test\")`.\n\nNote that Rust does not have a notion of optional function arguments or\nvariadic functions (except for its C-FFI).\n"},"level":"error","spans":[{"file_name":"src/lib.rs","byte_start":10747,"byte_end":10760,"line_start":305,"line_end":305,"column_start":34,"column_end":47,"is_primary":false,"text":[{"text":"    match RmpRead::read_exact_buf(&mut cursor).unwrap() {","highlight_start":34,"highlight_end":47}],"label":"an argument of type `&mut [u8]` is missing","suggested_replacement":null,"suggestion_applicability":null,"expansion":null},{"file_name":"src/lib.rs","byte_start":10724,"byte_end":10747,"line_start":305,"line_end":305,"column_start":11,"column_end":34,"is_primary":true,"text":[{"text":"    match RmpRead::read_exact_buf(&mut cursor).unwrap() {","highlight_start":11,"highlight_end":34}],"label":null,"suggested_replacement":null,"suggestion_applicability":null,"expansion":null}],"children":[{"message":"method defined here","code":null,"level":"note","spans":[{"file_name":"/Users/thun/.cargo/registry/src/index.crates.io-6f17d22bba15001f/rmp-0.8.12/src/decode/mod.rs","byte_start":3511,"byte_end":3525,"line_start":101,"line_end":101,"column_start":8,"column_end":22,"is_primary":true,"text":[{"text":"    fn read_exact_buf(&mut self, buf: &mut [u8]) -> Result<(), Self::Error>;","highlight_start":8,"highlight_end":22}],"label":null,"suggested_replacement":null,"suggestion_applicability":null,"expansion":null}],"children":[],"rendered":null},{"message":"provide the argument","code":null,"level":"help","spans":[{"file_name":"src/lib.rs","byte_start":10747,"byte_end":10760,"line_start":305,"line_end":305,"column_start":34,"column_end":47,"is_primary":true,"text":[{"text":"    match RmpRead::read_exact_buf(&mut cursor).unwrap() {","highlight_start":34,"highlight_end":47}],"label":null,"suggested_replacement":"(&mut cursor, /* &mut [u8] */)","suggestion_applicability":"HasPlaceholders","expansion":null}],"children":[],"rendered":null}],"rendered":"\u001b[0m\u001b[1m\u001b[38;5;9merror[E0061]\u001b[0m\u001b[0m\u001b[1m: this function takes 2 arguments but 1 argument was supplied\u001b[0m\n\u001b[0m   \u001b[0m\u001b[0m\u001b[1m\u001b[38;5;12m--> \u001b[0m\u001b[0msrc/lib.rs:305:11\u001b[0m\n\u001b[0m    \u001b[0m\u001b[0m\u001b[1m\u001b[38;5;12m|\u001b[0m\n\u001b[0m\u001b[1m\u001b[38;5;12m305\u001b[0m\u001b[0m \u001b[0m\u001b[0m\u001b[1m\u001b[38;5;12m|\u001b[0m\u001b[0m \u001b[0m\u001b[0m    match RmpRead::read_exact_buf(&mut cursor).unwrap() {\u001b[0m\n\u001b[0m    \u001b[0m\u001b[0m\u001b[1m\u001b[38;5;12m| \u001b[0m\u001b[0m          \u001b[0m\u001b[0m\u001b[1m\u001b[38;5;9m^^^^^^^^^^^^^^^^^^^^^^^\u001b[0m\u001b[0m\u001b[1m\u001b[38;5;12m-------------\u001b[0m\u001b[0m \u001b[0m\u001b[0m\u001b[1m\u001b[38;5;12man argument of type `&mut [u8]` is missing\u001b[0m\n\u001b[0m    \u001b[0m\u001b[0m\u001b[1m\u001b[38;5;12m|\u001b[0m\n\u001b[0m\u001b[1m\u001b[38;5;10mnote\u001b[0m\u001b[0m: method defined here\u001b[0m\n\u001b[0m   \u001b[0m\u001b[0m\u001b[1m\u001b[38;5;12m--> \u001b[0m\u001b[0m/Users/thun/.cargo/registry/src/index.crates.io-6f17d22bba15001f/rmp-0.8.12/src/decode/mod.rs:101:8\u001b[0m\n\u001b[0m    \u001b[0m\u001b[0m\u001b[1m\u001b[38;5;12m|\u001b[0m\n\u001b[0m\u001b[1m\u001b[38;5;12m101\u001b[0m\u001b[0m \u001b[0m\u001b[0m\u001b[1m\u001b[38;5;12m|\u001b[0m\u001b[0m \u001b[0m\u001b[0m    fn read_exact_buf(&mut self, buf: &mut [u8]) -> Result<(), Self::Error>;\u001b[0m\n\u001b[0m    \u001b[0m\u001b[0m\u001b[1m\u001b[38;5;12m| \u001b[0m\u001b[0m       \u001b[0m\u001b[0m\u001b[1m\u001b[38;5;10m^^^^^^^^^^^^^^\u001b[0m\n\u001b[0m\u001b[1m\u001b[38;5;14mhelp\u001b[0m\u001b[0m: provide the argument\u001b[0m\n\u001b[0m    \u001b[0m\u001b[0m\u001b[1m\u001b[38;5;12m|\u001b[0m\n\u001b[0m\u001b[1m\u001b[38;5;12m305\u001b[0m\u001b[0m \u001b[0m\u001b[0m\u001b[1m\u001b[38;5;12m| \u001b[0m\u001b[0m    match RmpRead::read_exact_buf\u001b[0m\u001b[0m\u001b[38;5;10m(&mut cursor, /* &mut [u8] */)\u001b[0m\u001b[0m.unwrap() {\u001b[0m\n\u001b[0m    \u001b[0m\u001b[0m\u001b[1m\u001b[38;5;12m|\u001b[0m\u001b[0m                                  \u001b[0m\u001b[0m\u001b[38;5;10m~~~~~~~~~~~~~~~~~~~~~~~~~~~~~~\u001b[0m\n\n"}
{"message":"mismatched types","code":{"code":"E0308","explanation":"Expected type did not match the received type.\n\nErroneous code examples:\n\n```compile_fail,E0308\nfn plus_one(x: i32) -> i32 {\n    x + 1\n}\n\nplus_one(\"Not a number\");\n//       ^^^^^^^^^^^^^^ expected `i32`, found `&str`\n\nif \"Not a bool\" {\n// ^^^^^^^^^^^^ expected `bool`, found `&str`\n}\n\nlet x: f32 = \"Not a float\";\n//     ---   ^^^^^^^^^^^^^ expected `f32`, found `&str`\n//     |\n//     expected due to this\n```\n\nThis error occurs when an expression was used in a place where the compiler\nexpected an expression of a different type. It can occur in several cases, the\nmost common being when calling a function and passing an argument which has a\ndifferent type than the matching type in the function declaration.\n"},"level":"error","spans":[{"file_name":"src/lib.rs","byte_start":10780,"byte_end":10798,"line_start":306,"line_end":306,"column_start":9,"column_end":27,"is_primary":true,"text":[{"text":"        Ok((marker, data)) => match marker {","highlight_start":9,"highlight_end":27}],"label":"expected `()`, found `Result<_, _>`","suggested_replacement":null,"suggestion_applicability":null,"expansion":null},{"file_name":"src/lib.rs","byte_start":10724,"byte_end":10769,"line_start":305,"line_end":305,"column_start":11,"column_end":56,"is_primary":false,"text":[{"text":"    match RmpRead::read_exact_buf(&mut cursor).unwrap() {","highlight_start":11,"highlight_end":56}],"label":"this expression has type `()`","suggested_replacement":null,"suggestion_applicability":null,"expansion":null}],"children":[{"message":"expected unit type `()`\n        found enum `Result<_, _>`","code":null,"level":"note","spans":[],"children":[],"rendered":null}],"rendered":"\u001b[0m\u001b[1m\u001b[38;5;9merror[E0308]\u001b[0m\u001b[0m\u001b[1m: mismatched types\u001b[0m\n\u001b[0m   \u001b[0m\u001b[0m\u001b[1m\u001b[38;5;12m--> \u001b[0m\u001b[0msrc/lib.rs:306:9\u001b[0m\n\u001b[0m    \u001b[0m\u001b[0m\u001b[1m\u001b[38;5;12m|\u001b[0m\n\u001b[0m\u001b[1m\u001b[38;5;12m305\u001b[0m\u001b[0m \u001b[0m\u001b[0m\u001b[1m\u001b[38;5;12m|\u001b[0m\u001b[0m \u001b[0m\u001b[0m    match RmpRead::read_exact_buf(&mut cursor).unwrap() {\u001b[0m\n\u001b[0m    \u001b[0m\u001b[0m\u001b[1m\u001b[38;5;12m| \u001b[0m\u001b[0m          \u001b[0m\u001b[0m\u001b[1m\u001b[38;5;12m---------------------------------------------\u001b[0m\u001b[0m \u001b[0m\u001b[0m\u001b[1m\u001b[38;5;12mthis expression has type `()`\u001b[0m\n\u001b[0m\u001b[1m\u001b[38;5;12m306\u001b[0m\u001b[0m \u001b[0m\u001b[0m\u001b[1m\u001b[38;5;12m|\u001b[0m\u001b[0m \u001b[0m\u001b[0m        Ok((marker, data)) => match marker {\u001b[0m\n\u001b[0m    \u001b[0m\u001b[0m\u001b[1m\u001b[38;5;12m| \u001b[0m\u001b[0m        \u001b[0m\u001b[0m\u001b[1m\u001b[38;5;9m^^^^^^^^^^^^^^^^^^\u001b[0m\u001b[0m \u001b[0m\u001b[0m\u001b[1m\u001b[38;5;9mexpected `()`, found `Result<_, _>`\u001b[0m\n\u001b[0m    \u001b[0m\u001b[0m\u001b[1m\u001b[38;5;12m|\u001b[0m\n\u001b[0m    \u001b[0m\u001b[0m\u001b[1m\u001b[38;5;12m= \u001b[0m\u001b[0m\u001b[1mnote\u001b[0m\u001b[0m: expected unit type `\u001b[0m\u001b[0m\u001b[1m()\u001b[0m\u001b[0m`\u001b[0m\n\u001b[0m                    found enum `\u001b[0m\u001b[0m\u001b[1mResult<_, _>\u001b[0m\u001b[0m`\u001b[0m\n\n"}
{"message":"mismatched types","code":{"code":"E0308","explanation":"Expected type did not match the received type.\n\nErroneous code examples:\n\n```compile_fail,E0308\nfn plus_one(x: i32) -> i32 {\n    x + 1\n}\n\nplus_one(\"Not a number\");\n//       ^^^^^^^^^^^^^^ expected `i32`, found `&str`\n\nif \"Not a bool\" {\n// ^^^^^^^^^^^^ expected `bool`, found `&str`\n}\n\nlet x: f32 = \"Not a float\";\n//     ---   ^^^^^^^^^^^^^ expected `f32`, found `&str`\n//     |\n//     expected due to this\n```\n\nThis error occurs when an expression was used in a place where the compiler\nexpected an expression of a different type. It can occur in several cases, the\nmost common being when calling a function and passing an argument which has a\ndifferent type than the matching type in the function declaration.\n"},"level":"error","spans":[{"file_name":"src/lib.rs","byte_start":11349,"byte_end":11450,"line_start":317,"line_end":319,"column_start":17,"column_end":18,"is_primary":true,"text":[{"text":"                for _ in 0..size {","highlight_start":17,"highlight_end":35},{"text":"                    array.push(msgpack_to_json_value(msgpack)?);","highlight_start":1,"highlight_end":65},{"text":"                }","highlight_start":1,"highlight_end":18}],"label":"expected `Result<Value, &str>`, found `()`","suggested_replacement":null,"suggestion_applicability":null,"expansion":{"span":{"file_name":"src/lib.rs","byte_start":11349,"byte_end":11450,"line_start":317,"line_end":319,"column_start":17,"column_end":18,"is_primary":false,"text":[{"text":"                for _ in 0..size {","highlight_start":17,"highlight_end":35},{"text":"                    array.push(msgpack_to_json_value(msgpack)?);","highlight_start":1,"highlight_end":65},{"text":"                }","highlight_start":1,"highlight_end":18}],"label":null,"suggested_replacement":null,"suggestion_applicability":null,"expansion":null},"macro_decl_name":"desugaring of `for` loop","def_site_span":{"file_name":"src/lib.rs","byte_start":0,"byte_end":0,"line_start":1,"line_end":1,"column_start":1,"column_end":1,"is_primary":false,"text":[],"label":null,"suggested_replacement":null,"suggestion_applicability":null,"expansion":null}}},{"file_name":"src/lib.rs","byte_start":10645,"byte_end":10672,"line_start":303,"line_end":303,"column_start":45,"column_end":72,"is_primary":false,"text":[{"text":"fn msgpack_to_json_value(msgpack: &[u8]) -> Result<Value, &'static str> {","highlight_start":45,"highlight_end":72}],"label":"expected `Result<Value, &'static str>` because of return type","suggested_replacement":null,"suggestion_applicability":null,"expansion":null}],"children":[{"message":"  expected enum `Result<Value, &'static str>`\nfound unit type `()`","code":null,"level":"note","spans":[],"children":[],"rendered":null},{"message":"the function expects a value to always be returned, but loops might run zero times","code":null,"level":"note","spans":[{"file_name":"src/lib.rs","byte_start":11349,"byte_end":11365,"line_start":317,"line_end":317,"column_start":17,"column_end":33,"is_primary":true,"text":[{"text":"                for _ in 0..size {","highlight_start":17,"highlight_end":33}],"label":"this might have zero elements to iterate on","suggested_replacement":null,"suggestion_applicability":null,"expansion":{"span":{"file_name":"src/lib.rs","byte_start":11349,"byte_end":11450,"line_start":317,"line_end":319,"column_start":17,"column_end":18,"is_primary":false,"text":[{"text":"                for _ in 0..size {","highlight_start":17,"highlight_end":35},{"text":"                    array.push(msgpack_to_json_value(msgpack)?);","highlight_start":1,"highlight_end":65},{"text":"                }","highlight_start":1,"highlight_end":18}],"label":null,"suggested_replacement":null,"suggestion_applicability":null,"expansion":null},"macro_decl_name":"desugaring of `for` loop","def_site_span":{"file_name":"src/lib.rs","byte_start":0,"byte_end":0,"line_start":1,"line_end":1,"column_start":1,"column_end":1,"is_primary":false,"text":[],"label":null,"suggested_replacement":null,"suggestion_applicability":null,"expansion":null}}},{"file_name":"src/lib.rs","byte_start":11429,"byte_end":11430,"line_start":318,"line_end":318,"column_start":62,"column_end":63,"is_primary":false,"text":[{"text":"                    array.push(msgpack_to_json_value(msgpack)?);","highlight_start":62,"highlight_end":63}],"label":"if the loop doesn't execute, this value would never get returned","suggested_replacement":null,"suggestion_applicability":null,"expansion":{"span":{"file_name":"src/lib.rs","byte_start":11429,"byte_end":11430,"line_start":318,"line_end":318,"column_start":62,"column_end":63,"is_primary":false,"text":[{"text":"                    array.push(msgpack_to_json_value(msgpack)?);","highlight_start":62,"highlight_end":63}],"label":null,"suggested_replacement":null,"suggestion_applicability":null,"expansion":null},"macro_decl_name":"desugaring of operator `?`","def_site_span":{"file_name":"src/lib.rs","byte_start":0,"byte_end":0,"line_start":1,"line_end":1,"column_start":1,"column_end":1,"is_primary":false,"text":[],"label":null,"suggested_replacement":null,"suggestion_applicability":null,"expansion":null}}}],"children":[],"rendered":null},{"message":"return a value for the case when the loop has zero elements to iterate on, or consider changing the return type to account for that possibility","code":null,"level":"help","spans":[],"children":[],"rendered":null},{"message":"try adding an expression at the end of the block","code":null,"level":"help","spans":[{"file_name":"src/lib.rs","byte_start":11450,"byte_end":11450,"line_start":319,"line_end":319,"column_start":18,"column_end":18,"is_primary":true,"text":[{"text":"                }","highlight_start":18,"highlight_end":18}],"label":null,"suggested_replacement":"\n                Ok(())","suggestion_applicability":"MaybeIncorrect","expansion":{"span":{"file_name":"src/lib.rs","byte_start":11349,"byte_end":11450,"line_start":317,"line_end":319,"column_start":17,"column_end":18,"is_primary":false,"text":[{"text":"                for _ in 0..size {","highlight_start":17,"highlight_end":35},{"text":"                    array.push(msgpack_to_json_value(msgpack)?);","highlight_start":1,"highlight_end":65},{"text":"                }","highlight_start":1,"highlight_end":18}],"label":null,"suggested_replacement":null,"suggestion_applicability":null,"expansion":null},"macro_decl_name":"desugaring of `for` loop","def_site_span":{"file_name":"src/lib.rs","byte_start":0,"byte_end":0,"line_start":1,"line_end":1,"column_start":1,"column_end":1,"is_primary":false,"text":[],"label":null,"suggested_replacement":null,"suggestion_applicability":null,"expansion":null}}}],"children":[],"rendered":null}],"rendered":"\u001b[0m\u001b[1m\u001b[38;5;9merror[E0308]\u001b[0m\u001b[0m\u001b[1m: mismatched types\u001b[0m\n\u001b[0m   \u001b[0m\u001b[0m\u001b[1m\u001b[38;5;12m--> \u001b[0m\u001b[0msrc/lib.rs:317:17\u001b[0m\n\u001b[0m    \u001b[0m\u001b[0m\u001b[1m\u001b[38;5;12m|\u001b[0m\n\u001b[0m\u001b[1m\u001b[38;5;12m303\u001b[0m\u001b[0m \u001b[0m\u001b[0m\u001b[1m\u001b[38;5;12m|\u001b[0m\u001b[0m   \u001b[0m\u001b[0mfn msgpack_to_json_value(msgpack: &[u8]) -> Result<Value, &'static str> {\u001b[0m\n\u001b[0m    \u001b[0m\u001b[0m\u001b[1m\u001b[38;5;12m| \u001b[0m\u001b[0m                                              \u001b[0m\u001b[0m\u001b[1m\u001b[38;5;12m---------------------------\u001b[0m\u001b[0m \u001b[0m\u001b[0m\u001b[1m\u001b[38;5;12mexpected `Result<Value, &'static str>` because of return type\u001b[0m\n\u001b[0m\u001b[1m\u001b[38;5;12m...\u001b[0m\n\u001b[0m\u001b[1m\u001b[38;5;12m317\u001b[0m\u001b[0m \u001b[0m\u001b[0m\u001b[1m\u001b[38;5;12m|\u001b[0m\u001b[0m \u001b[0m\u001b[0m\u001b[1m\u001b[38;5;9m/\u001b[0m\u001b[0m \u001b[0m\u001b[0m                for _ in 0..size {\u001b[0m\n\u001b[0m\u001b[1m\u001b[38;5;12m318\u001b[0m\u001b[0m \u001b[0m\u001b[0m\u001b[1m\u001b[38;5;12m|\u001b[0m\u001b[0m \u001b[0m\u001b[0m\u001b[1m\u001b[38;5;9m|\u001b[0m\u001b[0m \u001b[0m\u001b[0m                    array.push(msgpack_to_json_value(msgpack)?);\u001b[0m\n\u001b[0m\u001b[1m\u001b[38;5;12m319\u001b[0m\u001b[0m \u001b[0m\u001b[0m\u001b[1m\u001b[38;5;12m|\u001b[0m\u001b[0m \u001b[0m\u001b[0m\u001b[1m\u001b[38;5;9m|\u001b[0m\u001b[0m \u001b[0m\u001b[0m                }\u001b[0m\n\u001b[0m    \u001b[0m\u001b[0m\u001b[1m\u001b[38;5;12m| \u001b[0m\u001b[0m\u001b[1m\u001b[38;5;9m|_________________^\u001b[0m\u001b[0m \u001b[0m\u001b[0m\u001b[1m\u001b[38;5;9mexpected `Result<Value, &str>`, found `()`\u001b[0m\n\u001b[0m    \u001b[0m\u001b[0m\u001b[1m\u001b[38;5;12m|\u001b[0m\n\u001b[0m    \u001b[0m\u001b[0m\u001b[1m\u001b[38;5;12m= \u001b[0m\u001b[0m\u001b[1mnote\u001b[0m\u001b[0m:   expected enum `\u001b[0m\u001b[0m\u001b[1mResult<Value, &'static str>\u001b[0m\u001b[0m`\u001b[0m\n\u001b[0m            found unit type `\u001b[0m\u001b[0m\u001b[1m()\u001b[0m\u001b[0m`\u001b[0m\n\u001b[0m\u001b[1m\u001b[38;5;10mnote\u001b[0m\u001b[0m: the function expects a value to always be returned, but loops might run zero times\u001b[0m\n\u001b[0m   \u001b[0m\u001b[0m\u001b[1m\u001b[38;5;12m--> \u001b[0m\u001b[0msrc/lib.rs:317:17\u001b[0m\n\u001b[0m    \u001b[0m\u001b[0m\u001b[1m\u001b[38;5;12m|\u001b[0m\n\u001b[0m\u001b[1m\u001b[38;5;12m317\u001b[0m\u001b[0m \u001b[0m\u001b[0m\u001b[1m\u001b[38;5;12m|\u001b[0m\u001b[0m \u001b[0m\u001b[0m                for _ in 0..size {\u001b[0m\n\u001b[0m    \u001b[0m\u001b[0m\u001b[1m\u001b[38;5;12m| \u001b[0m\u001b[0m                \u001b[0m\u001b[0m\u001b[1m\u001b[38;5;10m^^^^^^^^^^^^^^^^\u001b[0m\u001b[0m \u001b[0m\u001b[0m\u001b[1m\u001b[38;5;10mthis might have zero elements to iterate on\u001b[0m\n\u001b[0m\u001b[1m\u001b[38;5;12m318\u001b[0m\u001b[0m \u001b[0m\u001b[0m\u001b[1m\u001b[38;5;12m|\u001b[0m\u001b[0m \u001b[0m\u001b[0m                    array.push(msgpack_to_json_value(msgpack)?);\u001b[0m\n\u001b[0m    \u001b[0m\u001b[0m\u001b[1m\u001b[38;5;12m| \u001b[0m\u001b[0m                                                             \u001b[0m\u001b[0m\u001b[1m\u001b[38;5;12m-\u001b[0m\u001b[0m \u001b[0m\u001b[0m\u001b[1m\u001b[38;5;12mif the loop doesn't execute, this value would never get returned\u001b[0m\n\u001b[0m    \u001b[0m\u001b[0m\u001b[1m\u001b[38;5;12m= \u001b[0m\u001b[0m\u001b[1mhelp\u001b[0m\u001b[0m: return a value for the case when the loop has zero elements to iterate on, or consider changing the return type to account for that possibility\u001b[0m\n\u001b[0m\u001b[1m\u001b[38;5;14mhelp\u001b[0m\u001b[0m: try adding an expression at the end of the block\u001b[0m\n\u001b[0m    \u001b[0m\u001b[0m\u001b[1m\u001b[38;5;12m|\u001b[0m\n\u001b[0m\u001b[1m\u001b[38;5;12m319\u001b[0m\u001b[0m \u001b[0m\u001b[0m\u001b[38;5;10m~ \u001b[0m\u001b[0m                }\u001b[0m\n\u001b[0m\u001b[1m\u001b[38;5;12m320\u001b[0m\u001b[0m \u001b[0m\u001b[0m\u001b[38;5;10m+                 Ok(())\u001b[0m\n\u001b[0m    \u001b[0m\u001b[0m\u001b[1m\u001b[38;5;12m|\u001b[0m\n\n"}
{"message":"the trait bound `std::string::String: RmpWriteErr` is not satisfied","code":{"code":"E0277","explanation":"You tried to use a type which doesn't implement some trait in a place which\nexpected that trait.\n\nErroneous code example:\n\n```compile_fail,E0277\n// here we declare the Foo trait with a bar method\ntrait Foo {\n    fn bar(&self);\n}\n\n// we now declare a function which takes an object implementing the Foo trait\nfn some_func<T: Foo>(foo: T) {\n    foo.bar();\n}\n\nfn main() {\n    // we now call the method with the i32 type, which doesn't implement\n    // the Foo trait\n    some_func(5i32); // error: the trait bound `i32 : Foo` is not satisfied\n}\n```\n\nIn order to fix this error, verify that the type you're using does implement\nthe trait. Example:\n\n```\ntrait Foo {\n    fn bar(&self);\n}\n\n// we implement the trait on the i32 type\nimpl Foo for i32 {\n    fn bar(&self) {}\n}\n\nfn some_func<T: Foo>(foo: T) {\n    foo.bar(); // we can now use this method since i32 implements the\n               // Foo trait\n}\n\nfn main() {\n    some_func(5i32); // ok!\n}\n```\n\nOr in a generic context, an erroneous code example would look like:\n\n```compile_fail,E0277\nfn some_func<T>(foo: T) {\n    println!(\"{:?}\", foo); // error: the trait `core::fmt::Debug` is not\n                           //        implemented for the type `T`\n}\n\nfn main() {\n    // We now call the method with the i32 type,\n    // which *does* implement the Debug trait.\n    some_func(5i32);\n}\n```\n\nNote that the error here is in the definition of the generic function. Although\nwe only call it with a parameter that does implement `Debug`, the compiler\nstill rejects the function. It must work with all possible input types. In\norder to make this example compile, we need to restrict the generic type we're\naccepting:\n\n```\nuse std::fmt;\n\n// Restrict the input type to types that implement Debug.\nfn some_func<T: fmt::Debug>(foo: T) {\n    println!(\"{:?}\", foo);\n}\n\nfn main() {\n    // Calling the method is still fine, as i32 implements Debug.\n    some_func(5i32);\n\n    // This would fail to compile now:\n    // struct WithoutDebug;\n    // some_func(WithoutDebug);\n}\n```\n\nRust only looks at the signature of the called function, as such it must\nalready specify all requirements that will be used for every type parameter.\n"},"level":"error","spans":[{"file_name":"src/lib.rs","byte_start":12214,"byte_end":12261,"line_start":344,"line_end":344,"column_start":73,"column_end":120,"is_primary":true,"text":[{"text":"                let simulated_error = ValueWriteError::InvalidDataWrite(\"An error occurred during encoding\".to_string());","highlight_start":73,"highlight_end":120}],"label":"the trait `RmpWriteErr` is not implemented for `std::string::String`","suggested_replacement":null,"suggestion_applicability":null,"expansion":null},{"file_name":"src/lib.rs","byte_start":12180,"byte_end":12213,"line_start":344,"line_end":344,"column_start":39,"column_end":72,"is_primary":false,"text":[{"text":"                let simulated_error = ValueWriteError::InvalidDataWrite(\"An error occurred during encoding\".to_string());","highlight_start":39,"highlight_end":72}],"label":"required by a bound introduced by this call","suggested_replacement":null,"suggestion_applicability":null,"expansion":null}],"children":[{"message":"the following other types implement trait `RmpWriteErr`:\n  std::io::Error\n  Infallible","code":null,"level":"help","spans":[],"children":[],"rendered":null},{"message":"required by a bound in `InvalidDataWrite`","code":null,"level":"note","spans":[{"file_name":"/Users/thun/.cargo/registry/src/index.crates.io-6f17d22bba15001f/rmp-0.8.12/src/encode/mod.rs","byte_start":6009,"byte_end":6025,"line_start":204,"line_end":204,"column_start":5,"column_end":21,"is_primary":false,"text":[{"text":"    InvalidDataWrite(E),","highlight_start":5,"highlight_end":21}],"label":"required by a bound in this tuple variant","suggested_replacement":null,"suggestion_applicability":null,"expansion":null},{"file_name":"/Users/thun/.cargo/registry/src/index.crates.io-6f17d22bba15001f/rmp-0.8.12/src/encode/mod.rs","byte_start":5877,"byte_end":5888,"line_start":200,"line_end":200,"column_start":29,"column_end":40,"is_primary":true,"text":[{"text":"pub enum ValueWriteError<E: RmpWriteErr = Error> {","highlight_start":29,"highlight_end":40}],"label":"required by this bound in `InvalidDataWrite`","suggested_replacement":null,"suggestion_applicability":null,"expansion":null}],"children":[],"rendered":null}],"rendered":"\u001b[0m\u001b[1m\u001b[38;5;9merror[E0277]\u001b[0m\u001b[0m\u001b[1m: the trait bound `std::string::String: RmpWriteErr` is not satisfied\u001b[0m\n\u001b[0m   \u001b[0m\u001b[0m\u001b[1m\u001b[38;5;12m--> \u001b[0m\u001b[0msrc/lib.rs:344:73\u001b[0m\n\u001b[0m    \u001b[0m\u001b[0m\u001b[1m\u001b[38;5;12m|\u001b[0m\n\u001b[0m\u001b[1m\u001b[38;5;12m344\u001b[0m\u001b[0m \u001b[0m\u001b[0m\u001b[1m\u001b[38;5;12m|\u001b[0m\u001b[0m \u001b[0m\u001b[0m                let simulated_error = ValueWriteError::InvalidDataWrite(\"An error occurred during encoding\".to_string());\u001b[0m\n\u001b[0m    \u001b[0m\u001b[0m\u001b[1m\u001b[38;5;12m| \u001b[0m\u001b[0m                                      \u001b[0m\u001b[0m\u001b[1m\u001b[38;5;12m---------------------------------\u001b[0m\u001b[0m \u001b[0m\u001b[0m\u001b[1m\u001b[38;5;9m^^^^^^^^^^^^^^^^^^^^^^^^^^^^^^^^^^^^^^^^^^^^^^^\u001b[0m\u001b[0m \u001b[0m\u001b[0m\u001b[1m\u001b[38;5;9mthe trait `RmpWriteErr` is not implemented for `std::string::String`\u001b[0m\n\u001b[0m    \u001b[0m\u001b[0m\u001b[1m\u001b[38;5;12m| \u001b[0m\u001b[0m                                      \u001b[0m\u001b[0m\u001b[1m\u001b[38;5;12m|\u001b[0m\n\u001b[0m    \u001b[0m\u001b[0m\u001b[1m\u001b[38;5;12m| \u001b[0m\u001b[0m                                      \u001b[0m\u001b[0m\u001b[1m\u001b[38;5;12mrequired by a bound introduced by this call\u001b[0m\n\u001b[0m    \u001b[0m\u001b[0m\u001b[1m\u001b[38;5;12m|\u001b[0m\n\u001b[0m    \u001b[0m\u001b[0m\u001b[1m\u001b[38;5;12m= \u001b[0m\u001b[0m\u001b[1mhelp\u001b[0m\u001b[0m: the following other types implement trait `RmpWriteErr`:\u001b[0m\n\u001b[0m              std::io::Error\u001b[0m\n\u001b[0m              Infallible\u001b[0m\n\u001b[0m\u001b[1m\u001b[38;5;10mnote\u001b[0m\u001b[0m: required by a bound in `InvalidDataWrite`\u001b[0m\n\u001b[0m   \u001b[0m\u001b[0m\u001b[1m\u001b[38;5;12m--> \u001b[0m\u001b[0m/Users/thun/.cargo/registry/src/index.crates.io-6f17d22bba15001f/rmp-0.8.12/src/encode/mod.rs:200:29\u001b[0m\n\u001b[0m    \u001b[0m\u001b[0m\u001b[1m\u001b[38;5;12m|\u001b[0m\n\u001b[0m\u001b[1m\u001b[38;5;12m200\u001b[0m\u001b[0m \u001b[0m\u001b[0m\u001b[1m\u001b[38;5;12m|\u001b[0m\u001b[0m \u001b[0m\u001b[0mpub enum ValueWriteError<E: RmpWriteErr = Error> {\u001b[0m\n\u001b[0m    \u001b[0m\u001b[0m\u001b[1m\u001b[38;5;12m| \u001b[0m\u001b[0m                            \u001b[0m\u001b[0m\u001b[1m\u001b[38;5;10m^^^^^^^^^^^\u001b[0m\u001b[0m \u001b[0m\u001b[0m\u001b[1m\u001b[38;5;10mrequired by this bound in `InvalidDataWrite`\u001b[0m\n\u001b[0m\u001b[1m\u001b[38;5;12m...\u001b[0m\n\u001b[0m\u001b[1m\u001b[38;5;12m204\u001b[0m\u001b[0m \u001b[0m\u001b[0m\u001b[1m\u001b[38;5;12m|\u001b[0m\u001b[0m \u001b[0m\u001b[0m    InvalidDataWrite(E),\u001b[0m\n\u001b[0m    \u001b[0m\u001b[0m\u001b[1m\u001b[38;5;12m| \u001b[0m\u001b[0m    \u001b[0m\u001b[0m\u001b[1m\u001b[38;5;12m----------------\u001b[0m\u001b[0m \u001b[0m\u001b[0m\u001b[1m\u001b[38;5;12mrequired by a bound in this tuple variant\u001b[0m\n\n"}
{"message":"the trait bound `std::string::String: RmpWriteErr` is not satisfied","code":{"code":"E0277","explanation":"You tried to use a type which doesn't implement some trait in a place which\nexpected that trait.\n\nErroneous code example:\n\n```compile_fail,E0277\n// here we declare the Foo trait with a bar method\ntrait Foo {\n    fn bar(&self);\n}\n\n// we now declare a function which takes an object implementing the Foo trait\nfn some_func<T: Foo>(foo: T) {\n    foo.bar();\n}\n\nfn main() {\n    // we now call the method with the i32 type, which doesn't implement\n    // the Foo trait\n    some_func(5i32); // error: the trait bound `i32 : Foo` is not satisfied\n}\n```\n\nIn order to fix this error, verify that the type you're using does implement\nthe trait. Example:\n\n```\ntrait Foo {\n    fn bar(&self);\n}\n\n// we implement the trait on the i32 type\nimpl Foo for i32 {\n    fn bar(&self) {}\n}\n\nfn some_func<T: Foo>(foo: T) {\n    foo.bar(); // we can now use this method since i32 implements the\n               // Foo trait\n}\n\nfn main() {\n    some_func(5i32); // ok!\n}\n```\n\nOr in a generic context, an erroneous code example would look like:\n\n```compile_fail,E0277\nfn some_func<T>(foo: T) {\n    println!(\"{:?}\", foo); // error: the trait `core::fmt::Debug` is not\n                           //        implemented for the type `T`\n}\n\nfn main() {\n    // We now call the method with the i32 type,\n    // which *does* implement the Debug trait.\n    some_func(5i32);\n}\n```\n\nNote that the error here is in the definition of the generic function. Although\nwe only call it with a parameter that does implement `Debug`, the compiler\nstill rejects the function. It must work with all possible input types. In\norder to make this example compile, we need to restrict the generic type we're\naccepting:\n\n```\nuse std::fmt;\n\n// Restrict the input type to types that implement Debug.\nfn some_func<T: fmt::Debug>(foo: T) {\n    println!(\"{:?}\", foo);\n}\n\nfn main() {\n    // Calling the method is still fine, as i32 implements Debug.\n    some_func(5i32);\n\n    // This would fail to compile now:\n    // struct WithoutDebug;\n    // some_func(WithoutDebug);\n}\n```\n\nRust only looks at the signature of the called function, as such it must\nalready specify all requirements that will be used for every type parameter.\n"},"level":"error","spans":[{"file_name":"src/lib.rs","byte_start":12180,"byte_end":12262,"line_start":344,"line_end":344,"column_start":39,"column_end":121,"is_primary":true,"text":[{"text":"                let simulated_error = ValueWriteError::InvalidDataWrite(\"An error occurred during encoding\".to_string());","highlight_start":39,"highlight_end":121}],"label":"the trait `RmpWriteErr` is not implemented for `std::string::String`","suggested_replacement":null,"suggestion_applicability":null,"expansion":null}],"children":[{"message":"the following other types implement trait `RmpWriteErr`:\n  std::io::Error\n  Infallible","code":null,"level":"help","spans":[],"children":[],"rendered":null},{"message":"required by a bound in `ValueWriteError`","code":null,"level":"note","spans":[{"file_name":"/Users/thun/.cargo/registry/src/index.crates.io-6f17d22bba15001f/rmp-0.8.12/src/encode/mod.rs","byte_start":5877,"byte_end":5888,"line_start":200,"line_end":200,"column_start":29,"column_end":40,"is_primary":true,"text":[{"text":"pub enum ValueWriteError<E: RmpWriteErr = Error> {","highlight_start":29,"highlight_end":40}],"label":"required by this bound in `ValueWriteError`","suggested_replacement":null,"suggestion_applicability":null,"expansion":null}],"children":[],"rendered":null}],"rendered":"\u001b[0m\u001b[1m\u001b[38;5;9merror[E0277]\u001b[0m\u001b[0m\u001b[1m: the trait bound `std::string::String: RmpWriteErr` is not satisfied\u001b[0m\n\u001b[0m   \u001b[0m\u001b[0m\u001b[1m\u001b[38;5;12m--> \u001b[0m\u001b[0msrc/lib.rs:344:39\u001b[0m\n\u001b[0m    \u001b[0m\u001b[0m\u001b[1m\u001b[38;5;12m|\u001b[0m\n\u001b[0m\u001b[1m\u001b[38;5;12m344\u001b[0m\u001b[0m \u001b[0m\u001b[0m\u001b[1m\u001b[38;5;12m|\u001b[0m\u001b[0m \u001b[0m\u001b[0m                let simulated_error = ValueWriteError::InvalidDataWrite(\"An error occurred during encoding\".to_string());\u001b[0m\n\u001b[0m    \u001b[0m\u001b[0m\u001b[1m\u001b[38;5;12m| \u001b[0m\u001b[0m                                      \u001b[0m\u001b[0m\u001b[1m\u001b[38;5;9m^^^^^^^^^^^^^^^^^^^^^^^^^^^^^^^^^^^^^^^^^^^^^^^^^^^^^^^^^^^^^^^^^^^^^^^^^^^^^^^^^^\u001b[0m\u001b[0m \u001b[0m\u001b[0m\u001b[1m\u001b[38;5;9mthe trait `RmpWriteErr` is not implemented for `std::string::String`\u001b[0m\n\u001b[0m    \u001b[0m\u001b[0m\u001b[1m\u001b[38;5;12m|\u001b[0m\n\u001b[0m    \u001b[0m\u001b[0m\u001b[1m\u001b[38;5;12m= \u001b[0m\u001b[0m\u001b[1mhelp\u001b[0m\u001b[0m: the following other types implement trait `RmpWriteErr`:\u001b[0m\n\u001b[0m              std::io::Error\u001b[0m\n\u001b[0m              Infallible\u001b[0m\n\u001b[0m\u001b[1m\u001b[38;5;10mnote\u001b[0m\u001b[0m: required by a bound in `ValueWriteError`\u001b[0m\n\u001b[0m   \u001b[0m\u001b[0m\u001b[1m\u001b[38;5;12m--> \u001b[0m\u001b[0m/Users/thun/.cargo/registry/src/index.crates.io-6f17d22bba15001f/rmp-0.8.12/src/encode/mod.rs:200:29\u001b[0m\n\u001b[0m    \u001b[0m\u001b[0m\u001b[1m\u001b[38;5;12m|\u001b[0m\n\u001b[0m\u001b[1m\u001b[38;5;12m200\u001b[0m\u001b[0m \u001b[0m\u001b[0m\u001b[1m\u001b[38;5;12m|\u001b[0m\u001b[0m \u001b[0m\u001b[0mpub enum ValueWriteError<E: RmpWriteErr = Error> {\u001b[0m\n\u001b[0m    \u001b[0m\u001b[0m\u001b[1m\u001b[38;5;12m| \u001b[0m\u001b[0m                            \u001b[0m\u001b[0m\u001b[1m\u001b[38;5;10m^^^^^^^^^^^\u001b[0m\u001b[0m \u001b[0m\u001b[0m\u001b[1m\u001b[38;5;10mrequired by this bound in `ValueWriteError`\u001b[0m\n\n"}
{"message":"mismatched types","code":{"code":"E0308","explanation":"Expected type did not match the received type.\n\nErroneous code examples:\n\n```compile_fail,E0308\nfn plus_one(x: i32) -> i32 {\n    x + 1\n}\n\nplus_one(\"Not a number\");\n//       ^^^^^^^^^^^^^^ expected `i32`, found `&str`\n\nif \"Not a bool\" {\n// ^^^^^^^^^^^^ expected `bool`, found `&str`\n}\n\nlet x: f32 = \"Not a float\";\n//     ---   ^^^^^^^^^^^^^ expected `f32`, found `&str`\n//     |\n//     expected due to this\n```\n\nThis error occurs when an expression was used in a place where the compiler\nexpected an expression of a different type. It can occur in several cases, the\nmost common being when calling a function and passing an argument which has a\ndifferent type than the matching type in the function declaration.\n"},"level":"error","spans":[{"file_name":"src/lib.rs","byte_start":12291,"byte_end":12306,"line_start":345,"line_end":345,"column_start":28,"column_end":43,"is_primary":true,"text":[{"text":"                return Err(simulated_error);","highlight_start":28,"highlight_end":43}],"label":"expected `ValueWriteError`, found `ValueWriteError<String>`","suggested_replacement":null,"suggestion_applicability":null,"expansion":null},{"file_name":"src/lib.rs","byte_start":12287,"byte_end":12290,"line_start":345,"line_end":345,"column_start":24,"column_end":27,"is_primary":false,"text":[{"text":"                return Err(simulated_error);","highlight_start":24,"highlight_end":27}],"label":"arguments to this enum variant are incorrect","suggested_replacement":null,"suggestion_applicability":null,"expansion":null}],"children":[{"message":"expected enum `ValueWriteError<std::io::Error>`\n   found enum `ValueWriteError<std::string::String>`","code":null,"level":"note","spans":[],"children":[],"rendered":null},{"message":"the type constructed contains `ValueWriteError<std::string::String>` due to the type of the argument passed","code":null,"level":"help","spans":[{"file_name":"src/lib.rs","byte_start":12291,"byte_end":12306,"line_start":345,"line_end":345,"column_start":28,"column_end":43,"is_primary":false,"text":[{"text":"                return Err(simulated_error);","highlight_start":28,"highlight_end":43}],"label":"this argument influences the type of `Err`","suggested_replacement":null,"suggestion_applicability":null,"expansion":null},{"file_name":"src/lib.rs","byte_start":12287,"byte_end":12307,"line_start":345,"line_end":345,"column_start":24,"column_end":44,"is_primary":true,"text":[{"text":"                return Err(simulated_error);","highlight_start":24,"highlight_end":44}],"label":null,"suggested_replacement":null,"suggestion_applicability":null,"expansion":null}],"children":[],"rendered":null},{"message":"tuple variant defined here","code":null,"level":"note","spans":[{"file_name":"/Users/thun/.rustup/toolchains/stable-x86_64-apple-darwin/lib/rustlib/src/rust/library/core/src/result.rs","byte_start":18540,"byte_end":18543,"line_start":511,"line_end":511,"column_start":5,"column_end":8,"is_primary":true,"text":[{"text":"    Err(#[stable(feature = \"rust1\", since = \"1.0.0\")] E),","highlight_start":5,"highlight_end":8}],"label":null,"suggested_replacement":null,"suggestion_applicability":null,"expansion":null}],"children":[],"rendered":null}],"rendered":"\u001b[0m\u001b[1m\u001b[38;5;9merror[E0308]\u001b[0m\u001b[0m\u001b[1m: mismatched types\u001b[0m\n\u001b[0m   \u001b[0m\u001b[0m\u001b[1m\u001b[38;5;12m--> \u001b[0m\u001b[0msrc/lib.rs:345:28\u001b[0m\n\u001b[0m    \u001b[0m\u001b[0m\u001b[1m\u001b[38;5;12m|\u001b[0m\n\u001b[0m\u001b[1m\u001b[38;5;12m345\u001b[0m\u001b[0m \u001b[0m\u001b[0m\u001b[1m\u001b[38;5;12m|\u001b[0m\u001b[0m \u001b[0m\u001b[0m                return Err(simulated_error);\u001b[0m\n\u001b[0m    \u001b[0m\u001b[0m\u001b[1m\u001b[38;5;12m| \u001b[0m\u001b[0m                       \u001b[0m\u001b[0m\u001b[1m\u001b[38;5;12m---\u001b[0m\u001b[0m \u001b[0m\u001b[0m\u001b[1m\u001b[38;5;9m^^^^^^^^^^^^^^^\u001b[0m\u001b[0m \u001b[0m\u001b[0m\u001b[1m\u001b[38;5;9mexpected `ValueWriteError`, found `ValueWriteError<String>`\u001b[0m\n\u001b[0m    \u001b[0m\u001b[0m\u001b[1m\u001b[38;5;12m| \u001b[0m\u001b[0m                       \u001b[0m\u001b[0m\u001b[1m\u001b[38;5;12m|\u001b[0m\n\u001b[0m    \u001b[0m\u001b[0m\u001b[1m\u001b[38;5;12m| \u001b[0m\u001b[0m                       \u001b[0m\u001b[0m\u001b[1m\u001b[38;5;12marguments to this enum variant are incorrect\u001b[0m\n\u001b[0m    \u001b[0m\u001b[0m\u001b[1m\u001b[38;5;12m|\u001b[0m\n\u001b[0m    \u001b[0m\u001b[0m\u001b[1m\u001b[38;5;12m= \u001b[0m\u001b[0m\u001b[1mnote\u001b[0m\u001b[0m: expected enum `ValueWriteError<std::\u001b[0m\u001b[0m\u001b[1mio::Error\u001b[0m\u001b[0m>`\u001b[0m\n\u001b[0m               found enum `ValueWriteError<std::\u001b[0m\u001b[0m\u001b[1mstring::String\u001b[0m\u001b[0m>`\u001b[0m\n\u001b[0m\u001b[1m\u001b[38;5;14mhelp\u001b[0m\u001b[0m: the type constructed contains `ValueWriteError<std::string::String>` due to the type of the argument passed\u001b[0m\n\u001b[0m   \u001b[0m\u001b[0m\u001b[1m\u001b[38;5;12m--> \u001b[0m\u001b[0msrc/lib.rs:345:24\u001b[0m\n\u001b[0m    \u001b[0m\u001b[0m\u001b[1m\u001b[38;5;12m|\u001b[0m\n\u001b[0m\u001b[1m\u001b[38;5;12m345\u001b[0m\u001b[0m \u001b[0m\u001b[0m\u001b[1m\u001b[38;5;12m|\u001b[0m\u001b[0m \u001b[0m\u001b[0m                return Err(simulated_error);\u001b[0m\n\u001b[0m    \u001b[0m\u001b[0m\u001b[1m\u001b[38;5;12m| \u001b[0m\u001b[0m                       \u001b[0m\u001b[0m\u001b[1m\u001b[38;5;14m^^^^\u001b[0m\u001b[0m\u001b[1m\u001b[38;5;12m---------------\u001b[0m\u001b[0m\u001b[1m\u001b[38;5;14m^\u001b[0m\n\u001b[0m    \u001b[0m\u001b[0m\u001b[1m\u001b[38;5;12m| \u001b[0m\u001b[0m                           \u001b[0m\u001b[0m\u001b[1m\u001b[38;5;12m|\u001b[0m\n\u001b[0m    \u001b[0m\u001b[0m\u001b[1m\u001b[38;5;12m| \u001b[0m\u001b[0m                           \u001b[0m\u001b[0m\u001b[1m\u001b[38;5;12mthis argument influences the type of `Err`\u001b[0m\n\u001b[0m\u001b[1m\u001b[38;5;10mnote\u001b[0m\u001b[0m: tuple variant defined here\u001b[0m\n\u001b[0m   \u001b[0m\u001b[0m\u001b[1m\u001b[38;5;12m--> \u001b[0m\u001b[0m/Users/thun/.rustup/toolchains/stable-x86_64-apple-darwin/lib/rustlib/src/rust/library/core/src/result.rs:511:5\u001b[0m\n\u001b[0m    \u001b[0m\u001b[0m\u001b[1m\u001b[38;5;12m|\u001b[0m\n\u001b[0m\u001b[1m\u001b[38;5;12m511\u001b[0m\u001b[0m \u001b[0m\u001b[0m\u001b[1m\u001b[38;5;12m|\u001b[0m\u001b[0m \u001b[0m\u001b[0m    Err(#[stable(feature = \"rust1\", since = \"1.0.0\")] E),\u001b[0m\n\u001b[0m    \u001b[0m\u001b[0m\u001b[1m\u001b[38;5;12m| \u001b[0m\u001b[0m    \u001b[0m\u001b[0m\u001b[1m\u001b[38;5;10m^^^\u001b[0m\n\n"}
{"message":"`match` arms have incompatible types","code":{"code":"E0308","explanation":"Expected type did not match the received type.\n\nErroneous code examples:\n\n```compile_fail,E0308\nfn plus_one(x: i32) -> i32 {\n    x + 1\n}\n\nplus_one(\"Not a number\");\n//       ^^^^^^^^^^^^^^ expected `i32`, found `&str`\n\nif \"Not a bool\" {\n// ^^^^^^^^^^^^ expected `bool`, found `&str`\n}\n\nlet x: f32 = \"Not a float\";\n//     ---   ^^^^^^^^^^^^^ expected `f32`, found `&str`\n//     |\n//     expected due to this\n```\n\nThis error occurs when an expression was used in a place where the compiler\nexpected an expression of a different type. It can occur in several cases, the\nmost common being when calling a function and passing an argument which has a\ndifferent type than the matching type in the function declaration.\n"},"level":"error","spans":[{"file_name":"src/lib.rs","byte_start":12894,"byte_end":12915,"line_start":363,"line_end":363,"column_start":32,"column_end":53,"is_primary":true,"text":[{"text":"        Bson::Document(doc) => bson_to_msgpack(doc)?,","highlight_start":32,"highlight_end":53}],"label":"expected `()`, found `Vec<u8>`","suggested_replacement":null,"suggestion_applicability":null,"expansion":null},{"file_name":"src/lib.rs","byte_start":12589,"byte_end":12608,"line_start":355,"line_end":355,"column_start":28,"column_end":47,"is_primary":false,"text":[{"text":"        Bson::Double(d) => write_f64(buf, *d)?,","highlight_start":28,"highlight_end":47}],"label":"this is found to be of type `()`","suggested_replacement":null,"suggestion_applicability":null,"expansion":null},{"file_name":"src/lib.rs","byte_start":12637,"byte_end":12655,"line_start":356,"line_end":356,"column_start":28,"column_end":46,"is_primary":false,"text":[{"text":"        Bson::String(s) => write_str(buf, s)?,","highlight_start":28,"highlight_end":46}],"label":"this is found to be of type `()`","suggested_replacement":null,"suggestion_applicability":null,"expansion":null},{"file_name":"src/lib.rs","byte_start":12756,"byte_end":12852,"line_start":359,"line_end":361,"column_start":13,"column_end":14,"is_primary":false,"text":[{"text":"            for element in array.iter(){","highlight_start":13,"highlight_end":41},{"text":"                bson_value_to_msgpack(element, buf)?;","highlight_start":1,"highlight_end":54},{"text":"            }","highlight_start":1,"highlight_end":14}],"label":"this is found to be of type `()`","suggested_replacement":null,"suggestion_applicability":null,"expansion":{"span":{"file_name":"src/lib.rs","byte_start":12756,"byte_end":12852,"line_start":359,"line_end":361,"column_start":13,"column_end":14,"is_primary":false,"text":[{"text":"            for element in array.iter(){","highlight_start":13,"highlight_end":41},{"text":"                bson_value_to_msgpack(element, buf)?;","highlight_start":1,"highlight_end":54},{"text":"            }","highlight_start":1,"highlight_end":14}],"label":null,"suggested_replacement":null,"suggestion_applicability":null,"expansion":null},"macro_decl_name":"desugaring of `for` loop","def_site_span":{"file_name":"src/lib.rs","byte_start":0,"byte_end":0,"line_start":1,"line_end":1,"column_start":1,"column_end":1,"is_primary":false,"text":[],"label":null,"suggested_replacement":null,"suggestion_applicability":null,"expansion":null}}},{"file_name":"src/lib.rs","byte_start":12549,"byte_end":12560,"line_start":354,"line_end":354,"column_start":5,"column_end":16,"is_primary":false,"text":[{"text":"    match value{","highlight_start":5,"highlight_end":16}],"label":"`match` arms have incompatible types","suggested_replacement":null,"suggestion_applicability":null,"expansion":null}],"children":[{"message":"expected unit type `()`\n      found struct `Vec<u8>`","code":null,"level":"note","spans":[],"children":[],"rendered":null}],"rendered":"\u001b[0m\u001b[1m\u001b[38;5;9merror[E0308]\u001b[0m\u001b[0m\u001b[1m: `match` arms have incompatible types\u001b[0m\n\u001b[0m   \u001b[0m\u001b[0m\u001b[1m\u001b[38;5;12m--> \u001b[0m\u001b[0msrc/lib.rs:363:32\u001b[0m\n\u001b[0m    \u001b[0m\u001b[0m\u001b[1m\u001b[38;5;12m|\u001b[0m\n\u001b[0m\u001b[1m\u001b[38;5;12m354\u001b[0m\u001b[0m \u001b[0m\u001b[0m\u001b[1m\u001b[38;5;12m|\u001b[0m\u001b[0m   \u001b[0m\u001b[0m    match value{\u001b[0m\n\u001b[0m    \u001b[0m\u001b[0m\u001b[1m\u001b[38;5;12m| \u001b[0m\u001b[0m      \u001b[0m\u001b[0m\u001b[1m\u001b[38;5;12m-----------\u001b[0m\u001b[0m \u001b[0m\u001b[0m\u001b[1m\u001b[38;5;12m`match` arms have incompatible types\u001b[0m\n\u001b[0m\u001b[1m\u001b[38;5;12m355\u001b[0m\u001b[0m \u001b[0m\u001b[0m\u001b[1m\u001b[38;5;12m|\u001b[0m\u001b[0m   \u001b[0m\u001b[0m        Bson::Double(d) => write_f64(buf, *d)?,\u001b[0m\n\u001b[0m    \u001b[0m\u001b[0m\u001b[1m\u001b[38;5;12m| \u001b[0m\u001b[0m                             \u001b[0m\u001b[0m\u001b[1m\u001b[38;5;12m-------------------\u001b[0m\u001b[0m \u001b[0m\u001b[0m\u001b[1m\u001b[38;5;12mthis is found to be of type `()`\u001b[0m\n\u001b[0m\u001b[1m\u001b[38;5;12m356\u001b[0m\u001b[0m \u001b[0m\u001b[0m\u001b[1m\u001b[38;5;12m|\u001b[0m\u001b[0m   \u001b[0m\u001b[0m        Bson::String(s) => write_str(buf, s)?,\u001b[0m\n\u001b[0m    \u001b[0m\u001b[0m\u001b[1m\u001b[38;5;12m| \u001b[0m\u001b[0m                             \u001b[0m\u001b[0m\u001b[1m\u001b[38;5;12m------------------\u001b[0m\u001b[0m \u001b[0m\u001b[0m\u001b[1m\u001b[38;5;12mthis is found to be of type `()`\u001b[0m\n\u001b[0m\u001b[1m\u001b[38;5;12m...\u001b[0m\n\u001b[0m\u001b[1m\u001b[38;5;12m359\u001b[0m\u001b[0m \u001b[0m\u001b[0m\u001b[1m\u001b[38;5;12m|\u001b[0m\u001b[0m \u001b[0m\u001b[0m\u001b[1m\u001b[38;5;12m/\u001b[0m\u001b[0m \u001b[0m\u001b[0m            for element in array.iter(){\u001b[0m\n\u001b[0m\u001b[1m\u001b[38;5;12m360\u001b[0m\u001b[0m \u001b[0m\u001b[0m\u001b[1m\u001b[38;5;12m|\u001b[0m\u001b[0m \u001b[0m\u001b[0m\u001b[1m\u001b[38;5;12m|\u001b[0m\u001b[0m \u001b[0m\u001b[0m                bson_value_to_msgpack(element, buf)?;\u001b[0m\n\u001b[0m\u001b[1m\u001b[38;5;12m361\u001b[0m\u001b[0m \u001b[0m\u001b[0m\u001b[1m\u001b[38;5;12m|\u001b[0m\u001b[0m \u001b[0m\u001b[0m\u001b[1m\u001b[38;5;12m|\u001b[0m\u001b[0m \u001b[0m\u001b[0m            }\u001b[0m\n\u001b[0m    \u001b[0m\u001b[0m\u001b[1m\u001b[38;5;12m| \u001b[0m\u001b[0m\u001b[1m\u001b[38;5;12m|_____________-\u001b[0m\u001b[0m \u001b[0m\u001b[0m\u001b[1m\u001b[38;5;12mthis is found to be of type `()`\u001b[0m\n\u001b[0m\u001b[1m\u001b[38;5;12m362\u001b[0m\u001b[0m \u001b[0m\u001b[0m\u001b[1m\u001b[38;5;12m|\u001b[0m\u001b[0m   \u001b[0m\u001b[0m        }\u001b[0m\n\u001b[0m\u001b[1m\u001b[38;5;12m363\u001b[0m\u001b[0m \u001b[0m\u001b[0m\u001b[1m\u001b[38;5;12m|\u001b[0m\u001b[0m   \u001b[0m\u001b[0m        Bson::Document(doc) => bson_to_msgpack(doc)?,\u001b[0m\n\u001b[0m    \u001b[0m\u001b[0m\u001b[1m\u001b[38;5;12m| \u001b[0m\u001b[0m                                 \u001b[0m\u001b[0m\u001b[1m\u001b[38;5;9m^^^^^^^^^^^^^^^^^^^^^\u001b[0m\u001b[0m \u001b[0m\u001b[0m\u001b[1m\u001b[38;5;9mexpected `()`, found `Vec<u8>`\u001b[0m\n\u001b[0m    \u001b[0m\u001b[0m\u001b[1m\u001b[38;5;12m|\u001b[0m\n\u001b[0m    \u001b[0m\u001b[0m\u001b[1m\u001b[38;5;12m= \u001b[0m\u001b[0m\u001b[1mnote\u001b[0m\u001b[0m: expected unit type `\u001b[0m\u001b[0m\u001b[1m()\u001b[0m\u001b[0m`\u001b[0m\n\u001b[0m                  found struct `\u001b[0m\u001b[0m\u001b[1mVec<u8>\u001b[0m\u001b[0m`\u001b[0m\n\n"}
{"message":"`?` couldn't convert the error to `ValueWriteError`","code":{"code":"E0277","explanation":"You tried to use a type which doesn't implement some trait in a place which\nexpected that trait.\n\nErroneous code example:\n\n```compile_fail,E0277\n// here we declare the Foo trait with a bar method\ntrait Foo {\n    fn bar(&self);\n}\n\n// we now declare a function which takes an object implementing the Foo trait\nfn some_func<T: Foo>(foo: T) {\n    foo.bar();\n}\n\nfn main() {\n    // we now call the method with the i32 type, which doesn't implement\n    // the Foo trait\n    some_func(5i32); // error: the trait bound `i32 : Foo` is not satisfied\n}\n```\n\nIn order to fix this error, verify that the type you're using does implement\nthe trait. Example:\n\n```\ntrait Foo {\n    fn bar(&self);\n}\n\n// we implement the trait on the i32 type\nimpl Foo for i32 {\n    fn bar(&self) {}\n}\n\nfn some_func<T: Foo>(foo: T) {\n    foo.bar(); // we can now use this method since i32 implements the\n               // Foo trait\n}\n\nfn main() {\n    some_func(5i32); // ok!\n}\n```\n\nOr in a generic context, an erroneous code example would look like:\n\n```compile_fail,E0277\nfn some_func<T>(foo: T) {\n    println!(\"{:?}\", foo); // error: the trait `core::fmt::Debug` is not\n                           //        implemented for the type `T`\n}\n\nfn main() {\n    // We now call the method with the i32 type,\n    // which *does* implement the Debug trait.\n    some_func(5i32);\n}\n```\n\nNote that the error here is in the definition of the generic function. Although\nwe only call it with a parameter that does implement `Debug`, the compiler\nstill rejects the function. It must work with all possible input types. In\norder to make this example compile, we need to restrict the generic type we're\naccepting:\n\n```\nuse std::fmt;\n\n// Restrict the input type to types that implement Debug.\nfn some_func<T: fmt::Debug>(foo: T) {\n    println!(\"{:?}\", foo);\n}\n\nfn main() {\n    // Calling the method is still fine, as i32 implements Debug.\n    some_func(5i32);\n\n    // This would fail to compile now:\n    // struct WithoutDebug;\n    // some_func(WithoutDebug);\n}\n```\n\nRust only looks at the signature of the called function, as such it must\nalready specify all requirements that will be used for every type parameter.\n"},"level":"error","spans":[{"file_name":"src/lib.rs","byte_start":12419,"byte_end":12446,"line_start":352,"line_end":352,"column_start":66,"column_end":93,"is_primary":false,"text":[{"text":"pub fn bson_value_to_msgpack(value: &Bson, buf: &mut Vec<u8>) -> Result<(), ValueWriteError>{","highlight_start":66,"highlight_end":93}],"label":"expected `ValueWriteError` because of this","suggested_replacement":null,"suggestion_applicability":null,"expansion":null},{"file_name":"src/lib.rs","byte_start":12953,"byte_end":12954,"line_start":364,"line_end":364,"column_start":37,"column_end":38,"is_primary":true,"text":[{"text":"        Bson::Null => write_nil(buf)?,","highlight_start":37,"highlight_end":38}],"label":"the trait `From<std::io::Error>` is not implemented for `ValueWriteError`","suggested_replacement":null,"suggestion_applicability":null,"expansion":{"span":{"file_name":"src/lib.rs","byte_start":12953,"byte_end":12954,"line_start":364,"line_end":364,"column_start":37,"column_end":38,"is_primary":false,"text":[{"text":"        Bson::Null => write_nil(buf)?,","highlight_start":37,"highlight_end":38}],"label":null,"suggested_replacement":null,"suggestion_applicability":null,"expansion":null},"macro_decl_name":"desugaring of operator `?`","def_site_span":{"file_name":"src/lib.rs","byte_start":0,"byte_end":0,"line_start":1,"line_end":1,"column_start":1,"column_end":1,"is_primary":false,"text":[],"label":null,"suggested_replacement":null,"suggestion_applicability":null,"expansion":null}}}],"children":[{"message":"the question mark operation (`?`) implicitly performs a conversion on the error value using the `From` trait","code":null,"level":"note","spans":[],"children":[],"rendered":null},{"message":"the following other types implement trait `From<T>`:\n  <ValueWriteError<E> as From<rmp::encode::MarkerWriteError<E>>>\n  <ValueWriteError<E> as From<DataWriteError<E>>>","code":null,"level":"help","spans":[],"children":[],"rendered":null},{"message":"required for `Result<(), ValueWriteError>` to implement `FromResidual<Result<Infallible, std::io::Error>>`","code":null,"level":"note","spans":[],"children":[],"rendered":null}],"rendered":"\u001b[0m\u001b[1m\u001b[38;5;9merror[E0277]\u001b[0m\u001b[0m\u001b[1m: `?` couldn't convert the error to `ValueWriteError`\u001b[0m\n\u001b[0m   \u001b[0m\u001b[0m\u001b[1m\u001b[38;5;12m--> \u001b[0m\u001b[0msrc/lib.rs:364:37\u001b[0m\n\u001b[0m    \u001b[0m\u001b[0m\u001b[1m\u001b[38;5;12m|\u001b[0m\n\u001b[0m\u001b[1m\u001b[38;5;12m352\u001b[0m\u001b[0m \u001b[0m\u001b[0m\u001b[1m\u001b[38;5;12m|\u001b[0m\u001b[0m \u001b[0m\u001b[0mpub fn bson_value_to_msgpack(value: &Bson, buf: &mut Vec<u8>) -> Result<(), ValueWriteError>{\u001b[0m\n\u001b[0m    \u001b[0m\u001b[0m\u001b[1m\u001b[38;5;12m| \u001b[0m\u001b[0m                                                                 \u001b[0m\u001b[0m\u001b[1m\u001b[38;5;12m---------------------------\u001b[0m\u001b[0m \u001b[0m\u001b[0m\u001b[1m\u001b[38;5;12mexpected `ValueWriteError` because of this\u001b[0m\n\u001b[0m\u001b[1m\u001b[38;5;12m...\u001b[0m\n\u001b[0m\u001b[1m\u001b[38;5;12m364\u001b[0m\u001b[0m \u001b[0m\u001b[0m\u001b[1m\u001b[38;5;12m|\u001b[0m\u001b[0m \u001b[0m\u001b[0m        Bson::Null => write_nil(buf)?,\u001b[0m\n\u001b[0m    \u001b[0m\u001b[0m\u001b[1m\u001b[38;5;12m| \u001b[0m\u001b[0m                                    \u001b[0m\u001b[0m\u001b[1m\u001b[38;5;9m^\u001b[0m\u001b[0m \u001b[0m\u001b[0m\u001b[1m\u001b[38;5;9mthe trait `From<std::io::Error>` is not implemented for `ValueWriteError`\u001b[0m\n\u001b[0m    \u001b[0m\u001b[0m\u001b[1m\u001b[38;5;12m|\u001b[0m\n\u001b[0m    \u001b[0m\u001b[0m\u001b[1m\u001b[38;5;12m= \u001b[0m\u001b[0m\u001b[1mnote\u001b[0m\u001b[0m: the question mark operation (`?`) implicitly performs a conversion on the error value using the `From` trait\u001b[0m\n\u001b[0m    \u001b[0m\u001b[0m\u001b[1m\u001b[38;5;12m= \u001b[0m\u001b[0m\u001b[1mhelp\u001b[0m\u001b[0m: the following other types implement trait `From<T>`:\u001b[0m\n\u001b[0m              <ValueWriteError<E> as From<rmp::encode::MarkerWriteError<E>>>\u001b[0m\n\u001b[0m              <ValueWriteError<E> as From<DataWriteError<E>>>\u001b[0m\n\u001b[0m    \u001b[0m\u001b[0m\u001b[1m\u001b[38;5;12m= \u001b[0m\u001b[0m\u001b[1mnote\u001b[0m\u001b[0m: required for `Result<(), ValueWriteError>` to implement `FromResidual<Result<Infallible, std::io::Error>>`\u001b[0m\n\n"}
{"message":"`?` couldn't convert the error to `ValueWriteError`","code":{"code":"E0277","explanation":"You tried to use a type which doesn't implement some trait in a place which\nexpected that trait.\n\nErroneous code example:\n\n```compile_fail,E0277\n// here we declare the Foo trait with a bar method\ntrait Foo {\n    fn bar(&self);\n}\n\n// we now declare a function which takes an object implementing the Foo trait\nfn some_func<T: Foo>(foo: T) {\n    foo.bar();\n}\n\nfn main() {\n    // we now call the method with the i32 type, which doesn't implement\n    // the Foo trait\n    some_func(5i32); // error: the trait bound `i32 : Foo` is not satisfied\n}\n```\n\nIn order to fix this error, verify that the type you're using does implement\nthe trait. Example:\n\n```\ntrait Foo {\n    fn bar(&self);\n}\n\n// we implement the trait on the i32 type\nimpl Foo for i32 {\n    fn bar(&self) {}\n}\n\nfn some_func<T: Foo>(foo: T) {\n    foo.bar(); // we can now use this method since i32 implements the\n               // Foo trait\n}\n\nfn main() {\n    some_func(5i32); // ok!\n}\n```\n\nOr in a generic context, an erroneous code example would look like:\n\n```compile_fail,E0277\nfn some_func<T>(foo: T) {\n    println!(\"{:?}\", foo); // error: the trait `core::fmt::Debug` is not\n                           //        implemented for the type `T`\n}\n\nfn main() {\n    // We now call the method with the i32 type,\n    // which *does* implement the Debug trait.\n    some_func(5i32);\n}\n```\n\nNote that the error here is in the definition of the generic function. Although\nwe only call it with a parameter that does implement `Debug`, the compiler\nstill rejects the function. It must work with all possible input types. In\norder to make this example compile, we need to restrict the generic type we're\naccepting:\n\n```\nuse std::fmt;\n\n// Restrict the input type to types that implement Debug.\nfn some_func<T: fmt::Debug>(foo: T) {\n    println!(\"{:?}\", foo);\n}\n\nfn main() {\n    // Calling the method is still fine, as i32 implements Debug.\n    some_func(5i32);\n\n    // This would fail to compile now:\n    // struct WithoutDebug;\n    // some_func(WithoutDebug);\n}\n```\n\nRust only looks at the signature of the called function, as such it must\nalready specify all requirements that will be used for every type parameter.\n"},"level":"error","spans":[{"file_name":"src/lib.rs","byte_start":12419,"byte_end":12446,"line_start":352,"line_end":352,"column_start":66,"column_end":93,"is_primary":false,"text":[{"text":"pub fn bson_value_to_msgpack(value: &Bson, buf: &mut Vec<u8>) -> Result<(), ValueWriteError>{","highlight_start":66,"highlight_end":93}],"label":"expected `ValueWriteError` because of this","suggested_replacement":null,"suggestion_applicability":null,"expansion":null},{"file_name":"src/lib.rs","byte_start":13003,"byte_end":13004,"line_start":365,"line_end":365,"column_start":48,"column_end":49,"is_primary":true,"text":[{"text":"        Bson::Boolean(b) => write_bool(buf, *b)?,","highlight_start":48,"highlight_end":49}],"label":"the trait `From<std::io::Error>` is not implemented for `ValueWriteError`","suggested_replacement":null,"suggestion_applicability":null,"expansion":{"span":{"file_name":"src/lib.rs","byte_start":13003,"byte_end":13004,"line_start":365,"line_end":365,"column_start":48,"column_end":49,"is_primary":false,"text":[{"text":"        Bson::Boolean(b) => write_bool(buf, *b)?,","highlight_start":48,"highlight_end":49}],"label":null,"suggested_replacement":null,"suggestion_applicability":null,"expansion":null},"macro_decl_name":"desugaring of operator `?`","def_site_span":{"file_name":"src/lib.rs","byte_start":0,"byte_end":0,"line_start":1,"line_end":1,"column_start":1,"column_end":1,"is_primary":false,"text":[],"label":null,"suggested_replacement":null,"suggestion_applicability":null,"expansion":null}}}],"children":[{"message":"the question mark operation (`?`) implicitly performs a conversion on the error value using the `From` trait","code":null,"level":"note","spans":[],"children":[],"rendered":null},{"message":"the following other types implement trait `From<T>`:\n  <ValueWriteError<E> as From<rmp::encode::MarkerWriteError<E>>>\n  <ValueWriteError<E> as From<DataWriteError<E>>>","code":null,"level":"help","spans":[],"children":[],"rendered":null},{"message":"required for `Result<(), ValueWriteError>` to implement `FromResidual<Result<Infallible, std::io::Error>>`","code":null,"level":"note","spans":[],"children":[],"rendered":null}],"rendered":"\u001b[0m\u001b[1m\u001b[38;5;9merror[E0277]\u001b[0m\u001b[0m\u001b[1m: `?` couldn't convert the error to `ValueWriteError`\u001b[0m\n\u001b[0m   \u001b[0m\u001b[0m\u001b[1m\u001b[38;5;12m--> \u001b[0m\u001b[0msrc/lib.rs:365:48\u001b[0m\n\u001b[0m    \u001b[0m\u001b[0m\u001b[1m\u001b[38;5;12m|\u001b[0m\n\u001b[0m\u001b[1m\u001b[38;5;12m352\u001b[0m\u001b[0m \u001b[0m\u001b[0m\u001b[1m\u001b[38;5;12m|\u001b[0m\u001b[0m \u001b[0m\u001b[0mpub fn bson_value_to_msgpack(value: &Bson, buf: &mut Vec<u8>) -> Result<(), ValueWriteError>{\u001b[0m\n\u001b[0m    \u001b[0m\u001b[0m\u001b[1m\u001b[38;5;12m| \u001b[0m\u001b[0m                                                                 \u001b[0m\u001b[0m\u001b[1m\u001b[38;5;12m---------------------------\u001b[0m\u001b[0m \u001b[0m\u001b[0m\u001b[1m\u001b[38;5;12mexpected `ValueWriteError` because of this\u001b[0m\n\u001b[0m\u001b[1m\u001b[38;5;12m...\u001b[0m\n\u001b[0m\u001b[1m\u001b[38;5;12m365\u001b[0m\u001b[0m \u001b[0m\u001b[0m\u001b[1m\u001b[38;5;12m|\u001b[0m\u001b[0m \u001b[0m\u001b[0m        Bson::Boolean(b) => write_bool(buf, *b)?,\u001b[0m\n\u001b[0m    \u001b[0m\u001b[0m\u001b[1m\u001b[38;5;12m| \u001b[0m\u001b[0m                                               \u001b[0m\u001b[0m\u001b[1m\u001b[38;5;9m^\u001b[0m\u001b[0m \u001b[0m\u001b[0m\u001b[1m\u001b[38;5;9mthe trait `From<std::io::Error>` is not implemented for `ValueWriteError`\u001b[0m\n\u001b[0m    \u001b[0m\u001b[0m\u001b[1m\u001b[38;5;12m|\u001b[0m\n\u001b[0m    \u001b[0m\u001b[0m\u001b[1m\u001b[38;5;12m= \u001b[0m\u001b[0m\u001b[1mnote\u001b[0m\u001b[0m: the question mark operation (`?`) implicitly performs a conversion on the error value using the `From` trait\u001b[0m\n\u001b[0m    \u001b[0m\u001b[0m\u001b[1m\u001b[38;5;12m= \u001b[0m\u001b[0m\u001b[1mhelp\u001b[0m\u001b[0m: the following other types implement trait `From<T>`:\u001b[0m\n\u001b[0m              <ValueWriteError<E> as From<rmp::encode::MarkerWriteError<E>>>\u001b[0m\n\u001b[0m              <ValueWriteError<E> as From<DataWriteError<E>>>\u001b[0m\n\u001b[0m    \u001b[0m\u001b[0m\u001b[1m\u001b[38;5;12m= \u001b[0m\u001b[0m\u001b[1mnote\u001b[0m\u001b[0m: required for `Result<(), ValueWriteError>` to implement `FromResidual<Result<Infallible, std::io::Error>>`\u001b[0m\n\n"}
{"message":"`?` couldn't convert the error to `ValueWriteError`","code":{"code":"E0277","explanation":"You tried to use a type which doesn't implement some trait in a place which\nexpected that trait.\n\nErroneous code example:\n\n```compile_fail,E0277\n// here we declare the Foo trait with a bar method\ntrait Foo {\n    fn bar(&self);\n}\n\n// we now declare a function which takes an object implementing the Foo trait\nfn some_func<T: Foo>(foo: T) {\n    foo.bar();\n}\n\nfn main() {\n    // we now call the method with the i32 type, which doesn't implement\n    // the Foo trait\n    some_func(5i32); // error: the trait bound `i32 : Foo` is not satisfied\n}\n```\n\nIn order to fix this error, verify that the type you're using does implement\nthe trait. Example:\n\n```\ntrait Foo {\n    fn bar(&self);\n}\n\n// we implement the trait on the i32 type\nimpl Foo for i32 {\n    fn bar(&self) {}\n}\n\nfn some_func<T: Foo>(foo: T) {\n    foo.bar(); // we can now use this method since i32 implements the\n               // Foo trait\n}\n\nfn main() {\n    some_func(5i32); // ok!\n}\n```\n\nOr in a generic context, an erroneous code example would look like:\n\n```compile_fail,E0277\nfn some_func<T>(foo: T) {\n    println!(\"{:?}\", foo); // error: the trait `core::fmt::Debug` is not\n                           //        implemented for the type `T`\n}\n\nfn main() {\n    // We now call the method with the i32 type,\n    // which *does* implement the Debug trait.\n    some_func(5i32);\n}\n```\n\nNote that the error here is in the definition of the generic function. Although\nwe only call it with a parameter that does implement `Debug`, the compiler\nstill rejects the function. It must work with all possible input types. In\norder to make this example compile, we need to restrict the generic type we're\naccepting:\n\n```\nuse std::fmt;\n\n// Restrict the input type to types that implement Debug.\nfn some_func<T: fmt::Debug>(foo: T) {\n    println!(\"{:?}\", foo);\n}\n\nfn main() {\n    // Calling the method is still fine, as i32 implements Debug.\n    some_func(5i32);\n\n    // This would fail to compile now:\n    // struct WithoutDebug;\n    // some_func(WithoutDebug);\n}\n```\n\nRust only looks at the signature of the called function, as such it must\nalready specify all requirements that will be used for every type parameter.\n"},"level":"error","spans":[{"file_name":"src/lib.rs","byte_start":12419,"byte_end":12446,"line_start":352,"line_end":352,"column_start":66,"column_end":93,"is_primary":false,"text":[{"text":"pub fn bson_value_to_msgpack(value: &Bson, buf: &mut Vec<u8>) -> Result<(), ValueWriteError>{","highlight_start":66,"highlight_end":93}],"label":"expected `ValueWriteError` because of this","suggested_replacement":null,"suggestion_applicability":null,"expansion":null},{"file_name":"src/lib.rs","byte_start":13996,"byte_end":13997,"line_start":389,"line_end":389,"column_start":42,"column_end":43,"is_primary":true,"text":[{"text":"        Bson::Undefined => write_nil(buf)?,","highlight_start":42,"highlight_end":43}],"label":"the trait `From<std::io::Error>` is not implemented for `ValueWriteError`","suggested_replacement":null,"suggestion_applicability":null,"expansion":{"span":{"file_name":"src/lib.rs","byte_start":13996,"byte_end":13997,"line_start":389,"line_end":389,"column_start":42,"column_end":43,"is_primary":false,"text":[{"text":"        Bson::Undefined => write_nil(buf)?,","highlight_start":42,"highlight_end":43}],"label":null,"suggested_replacement":null,"suggestion_applicability":null,"expansion":null},"macro_decl_name":"desugaring of operator `?`","def_site_span":{"file_name":"src/lib.rs","byte_start":0,"byte_end":0,"line_start":1,"line_end":1,"column_start":1,"column_end":1,"is_primary":false,"text":[],"label":null,"suggested_replacement":null,"suggestion_applicability":null,"expansion":null}}}],"children":[{"message":"the question mark operation (`?`) implicitly performs a conversion on the error value using the `From` trait","code":null,"level":"note","spans":[],"children":[],"rendered":null},{"message":"the following other types implement trait `From<T>`:\n  <ValueWriteError<E> as From<rmp::encode::MarkerWriteError<E>>>\n  <ValueWriteError<E> as From<DataWriteError<E>>>","code":null,"level":"help","spans":[],"children":[],"rendered":null},{"message":"required for `Result<(), ValueWriteError>` to implement `FromResidual<Result<Infallible, std::io::Error>>`","code":null,"level":"note","spans":[],"children":[],"rendered":null}],"rendered":"\u001b[0m\u001b[1m\u001b[38;5;9merror[E0277]\u001b[0m\u001b[0m\u001b[1m: `?` couldn't convert the error to `ValueWriteError`\u001b[0m\n\u001b[0m   \u001b[0m\u001b[0m\u001b[1m\u001b[38;5;12m--> \u001b[0m\u001b[0msrc/lib.rs:389:42\u001b[0m\n\u001b[0m    \u001b[0m\u001b[0m\u001b[1m\u001b[38;5;12m|\u001b[0m\n\u001b[0m\u001b[1m\u001b[38;5;12m352\u001b[0m\u001b[0m \u001b[0m\u001b[0m\u001b[1m\u001b[38;5;12m|\u001b[0m\u001b[0m \u001b[0m\u001b[0mpub fn bson_value_to_msgpack(value: &Bson, buf: &mut Vec<u8>) -> Result<(), ValueWriteError>{\u001b[0m\n\u001b[0m    \u001b[0m\u001b[0m\u001b[1m\u001b[38;5;12m| \u001b[0m\u001b[0m                                                                 \u001b[0m\u001b[0m\u001b[1m\u001b[38;5;12m---------------------------\u001b[0m\u001b[0m \u001b[0m\u001b[0m\u001b[1m\u001b[38;5;12mexpected `ValueWriteError` because of this\u001b[0m\n\u001b[0m\u001b[1m\u001b[38;5;12m...\u001b[0m\n\u001b[0m\u001b[1m\u001b[38;5;12m389\u001b[0m\u001b[0m \u001b[0m\u001b[0m\u001b[1m\u001b[38;5;12m|\u001b[0m\u001b[0m \u001b[0m\u001b[0m        Bson::Undefined => write_nil(buf)?,\u001b[0m\n\u001b[0m    \u001b[0m\u001b[0m\u001b[1m\u001b[38;5;12m| \u001b[0m\u001b[0m                                         \u001b[0m\u001b[0m\u001b[1m\u001b[38;5;9m^\u001b[0m\u001b[0m \u001b[0m\u001b[0m\u001b[1m\u001b[38;5;9mthe trait `From<std::io::Error>` is not implemented for `ValueWriteError`\u001b[0m\n\u001b[0m    \u001b[0m\u001b[0m\u001b[1m\u001b[38;5;12m|\u001b[0m\n\u001b[0m    \u001b[0m\u001b[0m\u001b[1m\u001b[38;5;12m= \u001b[0m\u001b[0m\u001b[1mnote\u001b[0m\u001b[0m: the question mark operation (`?`) implicitly performs a conversion on the error value using the `From` trait\u001b[0m\n\u001b[0m    \u001b[0m\u001b[0m\u001b[1m\u001b[38;5;12m= \u001b[0m\u001b[0m\u001b[1mhelp\u001b[0m\u001b[0m: the following other types implement trait `From<T>`:\u001b[0m\n\u001b[0m              <ValueWriteError<E> as From<rmp::encode::MarkerWriteError<E>>>\u001b[0m\n\u001b[0m              <ValueWriteError<E> as From<DataWriteError<E>>>\u001b[0m\n\u001b[0m    \u001b[0m\u001b[0m\u001b[1m\u001b[38;5;12m= \u001b[0m\u001b[0m\u001b[1mnote\u001b[0m\u001b[0m: required for `Result<(), ValueWriteError>` to implement `FromResidual<Result<Infallible, std::io::Error>>`\u001b[0m\n\n"}
{"message":"`?` couldn't convert the error to `ValueWriteError`","code":{"code":"E0277","explanation":"You tried to use a type which doesn't implement some trait in a place which\nexpected that trait.\n\nErroneous code example:\n\n```compile_fail,E0277\n// here we declare the Foo trait with a bar method\ntrait Foo {\n    fn bar(&self);\n}\n\n// we now declare a function which takes an object implementing the Foo trait\nfn some_func<T: Foo>(foo: T) {\n    foo.bar();\n}\n\nfn main() {\n    // we now call the method with the i32 type, which doesn't implement\n    // the Foo trait\n    some_func(5i32); // error: the trait bound `i32 : Foo` is not satisfied\n}\n```\n\nIn order to fix this error, verify that the type you're using does implement\nthe trait. Example:\n\n```\ntrait Foo {\n    fn bar(&self);\n}\n\n// we implement the trait on the i32 type\nimpl Foo for i32 {\n    fn bar(&self) {}\n}\n\nfn some_func<T: Foo>(foo: T) {\n    foo.bar(); // we can now use this method since i32 implements the\n               // Foo trait\n}\n\nfn main() {\n    some_func(5i32); // ok!\n}\n```\n\nOr in a generic context, an erroneous code example would look like:\n\n```compile_fail,E0277\nfn some_func<T>(foo: T) {\n    println!(\"{:?}\", foo); // error: the trait `core::fmt::Debug` is not\n                           //        implemented for the type `T`\n}\n\nfn main() {\n    // We now call the method with the i32 type,\n    // which *does* implement the Debug trait.\n    some_func(5i32);\n}\n```\n\nNote that the error here is in the definition of the generic function. Although\nwe only call it with a parameter that does implement `Debug`, the compiler\nstill rejects the function. It must work with all possible input types. In\norder to make this example compile, we need to restrict the generic type we're\naccepting:\n\n```\nuse std::fmt;\n\n// Restrict the input type to types that implement Debug.\nfn some_func<T: fmt::Debug>(foo: T) {\n    println!(\"{:?}\", foo);\n}\n\nfn main() {\n    // Calling the method is still fine, as i32 implements Debug.\n    some_func(5i32);\n\n    // This would fail to compile now:\n    // struct WithoutDebug;\n    // some_func(WithoutDebug);\n}\n```\n\nRust only looks at the signature of the called function, as such it must\nalready specify all requirements that will be used for every type parameter.\n"},"level":"error","spans":[{"file_name":"src/lib.rs","byte_start":12419,"byte_end":12446,"line_start":352,"line_end":352,"column_start":66,"column_end":93,"is_primary":false,"text":[{"text":"pub fn bson_value_to_msgpack(value: &Bson, buf: &mut Vec<u8>) -> Result<(), ValueWriteError>{","highlight_start":66,"highlight_end":93}],"label":"expected `ValueWriteError` because of this","suggested_replacement":null,"suggestion_applicability":null,"expansion":null},{"file_name":"src/lib.rs","byte_start":14147,"byte_end":14148,"line_start":392,"line_end":392,"column_start":45,"column_end":46,"is_primary":true,"text":[{"text":"        Bson::DbPointer(p) => write_nil(buf)?","highlight_start":45,"highlight_end":46}],"label":"the trait `From<std::io::Error>` is not implemented for `ValueWriteError`","suggested_replacement":null,"suggestion_applicability":null,"expansion":{"span":{"file_name":"src/lib.rs","byte_start":14147,"byte_end":14148,"line_start":392,"line_end":392,"column_start":45,"column_end":46,"is_primary":false,"text":[{"text":"        Bson::DbPointer(p) => write_nil(buf)?","highlight_start":45,"highlight_end":46}],"label":null,"suggested_replacement":null,"suggestion_applicability":null,"expansion":null},"macro_decl_name":"desugaring of operator `?`","def_site_span":{"file_name":"src/lib.rs","byte_start":0,"byte_end":0,"line_start":1,"line_end":1,"column_start":1,"column_end":1,"is_primary":false,"text":[],"label":null,"suggested_replacement":null,"suggestion_applicability":null,"expansion":null}}}],"children":[{"message":"the question mark operation (`?`) implicitly performs a conversion on the error value using the `From` trait","code":null,"level":"note","spans":[],"children":[],"rendered":null},{"message":"the following other types implement trait `From<T>`:\n  <ValueWriteError<E> as From<rmp::encode::MarkerWriteError<E>>>\n  <ValueWriteError<E> as From<DataWriteError<E>>>","code":null,"level":"help","spans":[],"children":[],"rendered":null},{"message":"required for `Result<(), ValueWriteError>` to implement `FromResidual<Result<Infallible, std::io::Error>>`","code":null,"level":"note","spans":[],"children":[],"rendered":null}],"rendered":"\u001b[0m\u001b[1m\u001b[38;5;9merror[E0277]\u001b[0m\u001b[0m\u001b[1m: `?` couldn't convert the error to `ValueWriteError`\u001b[0m\n\u001b[0m   \u001b[0m\u001b[0m\u001b[1m\u001b[38;5;12m--> \u001b[0m\u001b[0msrc/lib.rs:392:45\u001b[0m\n\u001b[0m    \u001b[0m\u001b[0m\u001b[1m\u001b[38;5;12m|\u001b[0m\n\u001b[0m\u001b[1m\u001b[38;5;12m352\u001b[0m\u001b[0m \u001b[0m\u001b[0m\u001b[1m\u001b[38;5;12m|\u001b[0m\u001b[0m \u001b[0m\u001b[0mpub fn bson_value_to_msgpack(value: &Bson, buf: &mut Vec<u8>) -> Result<(), ValueWriteError>{\u001b[0m\n\u001b[0m    \u001b[0m\u001b[0m\u001b[1m\u001b[38;5;12m| \u001b[0m\u001b[0m                                                                 \u001b[0m\u001b[0m\u001b[1m\u001b[38;5;12m---------------------------\u001b[0m\u001b[0m \u001b[0m\u001b[0m\u001b[1m\u001b[38;5;12mexpected `ValueWriteError` because of this\u001b[0m\n\u001b[0m\u001b[1m\u001b[38;5;12m...\u001b[0m\n\u001b[0m\u001b[1m\u001b[38;5;12m392\u001b[0m\u001b[0m \u001b[0m\u001b[0m\u001b[1m\u001b[38;5;12m|\u001b[0m\u001b[0m \u001b[0m\u001b[0m        Bson::DbPointer(p) => write_nil(buf)?\u001b[0m\n\u001b[0m    \u001b[0m\u001b[0m\u001b[1m\u001b[38;5;12m| \u001b[0m\u001b[0m                                            \u001b[0m\u001b[0m\u001b[1m\u001b[38;5;9m^\u001b[0m\u001b[0m \u001b[0m\u001b[0m\u001b[1m\u001b[38;5;9mthe trait `From<std::io::Error>` is not implemented for `ValueWriteError`\u001b[0m\n\u001b[0m    \u001b[0m\u001b[0m\u001b[1m\u001b[38;5;12m|\u001b[0m\n\u001b[0m    \u001b[0m\u001b[0m\u001b[1m\u001b[38;5;12m= \u001b[0m\u001b[0m\u001b[1mnote\u001b[0m\u001b[0m: the question mark operation (`?`) implicitly performs a conversion on the error value using the `From` trait\u001b[0m\n\u001b[0m    \u001b[0m\u001b[0m\u001b[1m\u001b[38;5;12m= \u001b[0m\u001b[0m\u001b[1mhelp\u001b[0m\u001b[0m: the following other types implement trait `From<T>`:\u001b[0m\n\u001b[0m              <ValueWriteError<E> as From<rmp::encode::MarkerWriteError<E>>>\u001b[0m\n\u001b[0m              <ValueWriteError<E> as From<DataWriteError<E>>>\u001b[0m\n\u001b[0m    \u001b[0m\u001b[0m\u001b[1m\u001b[38;5;12m= \u001b[0m\u001b[0m\u001b[1mnote\u001b[0m\u001b[0m: required for `Result<(), ValueWriteError>` to implement `FromResidual<Result<Infallible, std::io::Error>>`\u001b[0m\n\n"}
{"message":"aborting due to 18 previous errors; 7 warnings emitted","code":null,"level":"error","spans":[],"children":[],"rendered":"\u001b[0m\u001b[1m\u001b[38;5;9merror\u001b[0m\u001b[0m\u001b[1m: aborting due to 18 previous errors; 7 warnings emitted\u001b[0m\n\n"}
{"message":"Some errors have detailed explanations: E0061, E0277, E0308, E0412.","code":null,"level":"failure-note","spans":[],"children":[],"rendered":"\u001b[0m\u001b[1mSome errors have detailed explanations: E0061, E0277, E0308, E0412.\u001b[0m\n"}
{"message":"For more information about an error, try `rustc --explain E0061`.","code":null,"level":"failure-note","spans":[],"children":[],"rendered":"\u001b[0m\u001b[1mFor more information about an error, try `rustc --explain E0061`.\u001b[0m\n"}
